"../../../MyProject2/Content/PlaceholderMat.uasset" 0
"../../../MyProject2/Content/Env/Cauldron/Thomas_Assess2_Texture_Cauldron_Basecolor__1_.uasset" 1
"../../../MyProject2/Content/Env/Cauldron/Thomas_Assess2_Texture_Cauldron_Normal.uasset" 2
"../../../MyProject2/Content/Env/Cauldron/Mat22.uasset" 3
"../../../MyProject2/Content/Env/Cauldron/Thomas_Asses2_Env_Cauldron_02_polySurface15.uasset" 4
"../../../MyProject2/Content/Env/Cauldron/Thomas_Assess2_Prop_Cauldron_Texture_Basecolor.uasset" 5
"../../../MyProject2/Content/Env/Cauldron/Thomas_Assess2_Texture_Cauldron_Basecolor.uasset" 6
"../../../MyProject2/Content/Env/CoatHanger/lambert1.uasset" 7
"../../../MyProject2/Content/Env/Door/door_door_Texture_BaseColor_old.uasset" 8
"../../../MyProject2/Content/Env/Door/OldDoor/Austin_Asses2_Env_Door_Diffuse.uasset" 9
"../../../MyProject2/Content/Env/Door/OldDoor/Austin_Asses2_Env_Door_MetRough.uasset" 10
"../../../MyProject2/Content/Env/Door/door_door_Texture_Normal.uasset" 11
"../../../MyProject2/Content/Env/Door/door_door_Texture_OcclusionRoughnessMetallic.uasset" 12
"../../../MyProject2/Content/Env/Door/Mat35.uasset" 13
"../../../MyProject2/Content/Env/Door/OldDoor/Austin_Asses2_Env_Door_Model_Low.uasset" 14
"../../../MyProject2/Content/Env/Door/OldDoor/Austin_Asses2_Env_Door_Normal.uasset" 15
"../../../MyProject2/Content/Env/WizardTower/pPipe2Mat.uasset" 16
"../../../MyProject2/Content/Env/WizardTower/Env_Fireplace_Old.uasset" 17
"../../../MyProject2/Content/Env/WizardTower/Mat5/Fiess_Asses2_Env_WizardTower_Mat3_Diffuse.uasset" 18
"../../../MyProject2/Content/Env/WizardTower/Mat5/Fiess_Asses2_Env_WizardTower_Mat3_MetRough.uasset" 19
"../../../MyProject2/Content/Env/WizardTower/Mat5/Fiess_Asses2_Env_WizardTower_Mat3_Normal.uasset" 20
"../../../MyProject2/Content/Env/WizardTower/Mat7/Env_Fireplace_firepittexture_BaseColor.uasset" 21
"../../../MyProject2/Content/Env/WizardTower/Mat7/Fiess_Asses2_Env_WizardTower_Mat5_Diffuse.uasset" 22
"../../../MyProject2/Content/Env/WizardTower/Mat7/Fiess_Asses2_Env_WizardTower_Mat5_MetRough.uasset" 23
"../../../MyProject2/Content/Env/WizardTower/Mat7/Fiess_Asses2_Env_WizardTower_Mat5_Normal.uasset" 24
"../../../Engine/Content/EngineMaterials/OrientParticle.uasset" 25
"../../../Engine/Content/EngineMaterials/DefaultParticle.uasset" 26
"../../../MyProject2/Content/Fire/M_FireSystem_01.uasset" 27
"../../../MyProject2/Content/Fire/M_Fire_01.uasset" 28
"../../../MyProject2/Content/Geometry/Meshes/CubeMaterial.uasset" 29
"../../../MyProject2/Content/Geometry/Meshes/1M_Cube_Chamfer.uasset" 30
"../../../MyProject2/Content/Geometry/Meshes/TemplateFloor.uasset" 31
"../../../Engine/Content/Functions/Engine_MaterialFunctions01/Opacity/CameraDepthFade.uasset" 32
"../../../Engine/Content/EngineMaterials/T_Default_Material_Grid_M.uasset" 33
"../../../Engine/Content/EngineMaterials/T_Default_Material_Grid_N.uasset" 34
"../../../Engine/Content/EngineMaterials/WorldGridMaterial.uasset" 35
"../../../MyProject2/Content/Props/Alembic/Fiess_Asses2_Env_Alembic_Metrough.uasset" 36
"../../../MyProject2/Content/Props/Alembic/Fiess_Asses2_Props_Alembic_Diffuse.uasset" 37
"../../../MyProject2/Content/Props/Alembic/Fiess_Asses2_Props_Alembic_Normal.uasset" 38
"../../../MyProject2/Content/Props/Alembic/Mat20.uasset" 39
"../../../MyProject2/Content/Props/Alembic/Fiess_Asses2_Props_Alembic_06_polySurface7.uasset" 40
"../../../MyProject2/Content/Props/Alembic/Fiess_Asses2_Props_Alembic_06_polySurface7_DM.uasset" 41
"../../../MyProject2/Content/Props/BottleWSoul/Chain/prop_soul_bottle_chain_mr.uasset" 42
"../../../MyProject2/Content/Props/QillAndInk/Thomas_Assess2_texture_Ink_basecolor_Mat.uasset" 43
"../../../MyProject2/Content/Props/Scroll/Var2/Thomas_Assess2_Prop_Scroll_5_basecolor.uasset" 44
"../../../MyProject2/Content/StarterContent/Materials/M_Basic_Wall.uasset" 45
"../../../MyProject2/Content/StarterContent/Architecture/Pillar_50x500.uasset" 46
"../../../MyProject2/Content/StarterContent/Architecture/Wall_400x300.uasset" 47
"../../../MyProject2/Content/StarterContent/Architecture/Wall_400x400.uasset" 48
"../../../MyProject2/Content/StarterContent/Architecture/Wall_500x500.uasset" 49
"../../../MyProject2/Content/StarterContent/Architecture/Wall_Door_400x400.uasset" 50
"../../../MyProject2/Content/StarterContent/Architecture/Wall_Window_400x400.uasset" 51
"../../../MyProject2/Content/StarterContent/Audio/Light01_Cue.uasset" 52
"../../../MyProject2/Content/StarterContent/Audio/Light02_Cue.uasset" 53
"../../../MyProject2/Content/StarterContent/Audio/Explosion_Cue.uasset" 54
"../../../MyProject2/Content/StarterContent/Textures/T_Burst_M.uasset" 55
"../../../MyProject2/Content/StarterContent/Particles/Materials/M_Burst.uasset" 56
"../../../MyProject2/Content/StarterContent/Textures/T_Explosion_SubUV.uasset" 57
"../../../MyProject2/Content/StarterContent/Particles/Materials/M_explosion_subUV.uasset" 58
"../../../MyProject2/Content/StarterContent/Particles/Materials/m_flare_01.uasset" 59
"../../../Engine/Content/Functions/Engine_MaterialFunctions01/Gradient/RadialGradient.uasset" 60
"../../../MyProject2/Content/StarterContent/Particles/Materials/M_radial_ramp.uasset" 61
"../../../MyProject2/Content/StarterContent/Textures/T_Smoke_SubUV.uasset" 62
"../../../MyProject2/Content/StarterContent/Textures/T_Smoke_Tiled_D.uasset" 63
"../../../MyProject2/Content/StarterContent/Particles/Materials/M_smoke_subUV.uasset" 64
"../../../MyProject2/Content/StarterContent/Particles/P_Explosion.uasset" 65
"../../../MyProject2/Content/StarterContent/Blueprints/Blueprint_Effect_Explosion.uasset" 66
"../../../Engine/Content/EditorMeshes/ColorCalibrator/T_ColorGrid.uasset" 67
"../../../MyProject2/Content/StarterContent/Materials/M_ColorGrid_LowSpec.uasset" 68
"../../../MyProject2/Content/StarterContent/Textures/T_Bush_D.uasset" 69
"../../../MyProject2/Content/StarterContent/Textures/T_Bush_N.uasset" 70
"../../../MyProject2/Content/StarterContent/Props/Materials/M_Bush.uasset" 71
"../../../MyProject2/Content/StarterContent/Props/SM_Bush.uasset" 72
"../../../MyProject2/Content/StarterContent/Textures/T_Chair_M.uasset" 73
"../../../MyProject2/Content/StarterContent/Textures/T_Chair_N.uasset" 74
"../../../MyProject2/Content/StarterContent/Props/Materials/M_Chair.uasset" 75
"../../../MyProject2/Content/StarterContent/Props/SM_Couch.uasset" 76
"../../../MyProject2/Content/StarterContent/Materials/M_Glass.uasset" 77
"../../../MyProject2/Content/StarterContent/Textures/T_Door_M.uasset" 78
"../../../MyProject2/Content/StarterContent/Textures/T_Door_N.uasset" 79
"../../../MyProject2/Content/StarterContent/Props/Materials/M_Door.uasset" 80
"../../../MyProject2/Content/StarterContent/Props/SM_Door.uasset" 81
"../../../MyProject2/Content/StarterContent/Props/Materials/M_MaterialSphere.uasset" 82
"../../../MyProject2/Content/StarterContent/Props/Materials/M_MaterialSphere_Plain.uasset" 83
"../../../MyProject2/Content/StarterContent/Props/SM_MatPreviewMesh_02.uasset" 84
"../../../Engine/Content/Functions/Engine_MaterialFunctions02/Utility/BlendAngleCorrectedNormals.uasset" 85
"../../../MyProject2/Content/StarterContent/Textures/T_Detail_Rocky_N.uasset" 86
"../../../MyProject2/Content/StarterContent/Textures/T_Rock_Basalt_D.uasset" 87
"../../../MyProject2/Content/StarterContent/Textures/T_RockMesh_M.uasset" 88
"../../../MyProject2/Content/StarterContent/Textures/T_RockMesh_N.uasset" 89
"../../../MyProject2/Content/StarterContent/Props/Materials/M_Rock.uasset" 90
"../../../MyProject2/Content/StarterContent/Props/SM_Rock.uasset" 91
"../../../MyProject2/Content/StarterContent/Textures/T_Shelf_M.uasset" 92
"../../../MyProject2/Content/StarterContent/Textures/T_Shelf_N.uasset" 93
"../../../MyProject2/Content/StarterContent/Props/Materials/M_Shelf.uasset" 94
"../../../MyProject2/Content/StarterContent/Props/SM_Shelf.uasset" 95
"../../../MyProject2/Content/StarterContent/Materials/M_Basic_Floor.uasset" 96
"../../../MyProject2/Content/StarterContent/Props/SM_Stairs.uasset" 97
"../../../MyProject2/Content/StarterContent/Shapes/Shape_Cone.uasset" 98
"../../../MyProject2/Content/StarterContent/Shapes/Shape_Cylinder.uasset" 99
"../../../MyProject2/Content/StarterContent/Shapes/Shape_NarrowCapsule.uasset" 100
"../../../MyProject2/Content/StarterContent/Shapes/Shape_Pipe.uasset" 101
"../../../MyProject2/Content/StarterContent/Shapes/Shape_Pipe_180.uasset" 102
"../../../MyProject2/Content/StarterContent/Shapes/Shape_Pipe_90.uasset" 103
"../../../MyProject2/Content/StarterContent/Shapes/Shape_Plane.uasset" 104
"../../../MyProject2/Content/StarterContent/Shapes/Shape_Torus.uasset" 105
"../../../MyProject2/Content/StarterContent/Shapes/Shape_Trim.uasset" 106
"../../../MyProject2/Content/StarterContent/Shapes/Shape_Trim_90_In.uasset" 107
"../../../MyProject2/Content/StarterContent/Shapes/Shape_Trim_90_Out.uasset" 108
"../../../MyProject2/Content/StarterContent/Shapes/Shape_TriPyramid.uasset" 109
"../../../MyProject2/Content/StarterContent/Shapes/Shape_Tube.uasset" 110
"../../../MyProject2/Content/StarterContent/Shapes/Shape_Wedge_A.uasset" 111
"../../../MyProject2/Content/StarterContent/Shapes/Shape_Wedge_B.uasset" 112
"../../../MyProject2/Content/StarterContent/Shapes/Shape_WideCapsule.uasset" 113
"../../../Engine/Content/EngineMaterials/DefaultMaterial.uasset" 114
"../../../Engine/Content/BasicShapes/Cone.uasset" 115
"../../../Engine/Content/BasicShapes/Cube.uasset" 116
"../../../Engine/Content/BasicShapes/Plane.uasset" 117
"../../../Engine/Content/EditorLandscapeResources/DataLayer.uasset" 118
"../../../Engine/Content/EditorMaterials/GizmoMaterial.uasset" 119
"../../../Engine/Content/EditorMaterials/MAT_Groups_Toggle.uasset" 120
"../../../Engine/Content/EditorMaterials/MAT_Groups_Visibility.uasset" 121
"../../../Engine/Content/EditorMaterials/PreviewShadowIndicator.uasset" 122
"../../../Engine/Content/EditorMaterials/PreviewShadowIndicatorMaterial.uasset" 123
"../../../Engine/Content/EditorMaterials/AssetViewer/EpicQuadPanorama_CC+EV1.uasset" 124
"../../../Engine/Content/EditorMaterials/MatineeGroups/MAT_ColorTrack.uasset" 125
"../../../Engine/Content/EditorMaterials/MatineeGroups/MAT_Groups_Anim.uasset" 126
"../../../Engine/Content/EditorMaterials/MatineeGroups/MAT_Groups_AudioMaster.uasset" 127
"../../../Engine/Content/EditorMaterials/MatineeGroups/MAT_Groups_Director.uasset" 128
"../../../Engine/Content/EditorMaterials/MatineeGroups/MAT_Groups_Event.uasset" 129
"../../../Engine/Content/EditorMaterials/MatineeGroups/MAT_Groups_Fade.uasset" 130
"../../../Engine/Content/EditorMaterials/MatineeGroups/MAT_Groups_Float.uasset" 131
"../../../Engine/Content/EditorMaterials/MatineeGroups/MAT_Groups_Move.uasset" 132
"../../../Engine/Content/EditorMaterials/MatineeGroups/MAT_Groups_Slomo.uasset" 133
"../../../Engine/Content/EditorMaterials/MatineeGroups/MAT_Groups_Sound.uasset" 134
"../../../Engine/Content/EditorMaterials/MatineeGroups/MAT_Groups_Vector.uasset" 135
"../../../Engine/Content/EditorMaterials/ParticleSystems/PSysThumbnail_NoImage.uasset" 136
"../../../Engine/Content/EditorMaterials/ParticleSystems/PSysThumbnail_OOD.uasset" 137
"../../../Engine/Content/EditorMaterials/Camera/CineMat.uasset" 138
"../../../Engine/Content/EditorMaterials/Camera/MI_CineMat_Rig.uasset" 139
"../../../Engine/Content/EditorMeshes/Camera/SM_CraneRig_Arm.uasset" 140
"../../../Engine/Content/EditorMeshes/Camera/SM_CraneRig_Base.uasset" 141
"../../../Engine/Content/EditorMeshes/Camera/SM_CraneRig_Body.uasset" 142
"../../../Engine/Content/EditorMeshes/Camera/SM_CraneRig_Mount.uasset" 143
"../../../Engine/Content/EditorMeshes/Camera/SM_RailRig_Mount.uasset" 144
"../../../Engine/Content/EditorMeshes/Camera/SM_RailRig_Track.uasset" 145
"../../../Engine/Content/EditorResources/BSPVertex.uasset" 146
"../../../Engine/Content/EditorResources/EmptyActor.uasset" 147
"../../../Engine/Content/EditorResources/S_Actor.uasset" 148
"../../../Engine/Content/EditorResources/S_Trigger.uasset" 149
"../../../Engine/Content/EditorResources/AudioIcons/S_AudioComponent.uasset" 150
"../../../Engine/Content/EditorResources/AudioIcons/S_AudioComponent_AutoActivate.uasset" 151
"../../../Engine/Content/EditorResources/LightIcons/S_LightError.uasset" 152
"../../../Engine/Content/EditorResources/SequenceRecorder/Countdown.uasset" 153
"../../../Engine/Content/EditorResources/SequenceRecorder/RecordingIndicator.uasset" 154
"../../../Engine/Content/EditorSounds/Notifications/CompileFailed.uasset" 155
"../../../Engine/Content/EditorSounds/Notifications/CompileFailed_Cue.uasset" 156
"../../../Engine/Content/EditorSounds/Notifications/CompileSuccess.uasset" 157
"../../../Engine/Content/EditorSounds/Notifications/CompileStart_Cue.uasset" 158
"../../../Engine/Content/EditorSounds/Notifications/CompileSuccess_Cue.uasset" 159
"../../../Engine/Content/EngineDamageTypes/DmgTypeBP_Environmental.uasset" 160
"../../../Engine/Content/EngineDebugMaterials/HeatmapGradient.uasset" 161
"../../../Engine/Content/EngineDebugMaterials/BoneWeightMaterial.uasset" 162
"../../../Engine/Content/EngineDebugMaterials/ClothMaterial.uasset" 163
"../../../Engine/Content/EngineDebugMaterials/ClothMaterial_WF.uasset" 164
"../../../Engine/Content/EngineDebugMaterials/DebugEditorMaterial.uasset" 165
"../../../Engine/Content/EngineDebugMaterials/DebugMeshMaterial.uasset" 166
"../../../Engine/Content/EngineDebugMaterials/GeomMaterial.uasset" 167
"../../../Engine/Content/EngineFonts/Faces/RobotoBold.uasset" 168
"../../../Engine/Content/EngineFonts/Faces/RobotoBoldItalic.uasset" 169
"../../../Engine/Content/EngineFonts/Faces/RobotoItalic.uasset" 170
"../../../Engine/Content/EngineFonts/Faces/RobotoLight.uasset" 171
"../../../Engine/Content/EngineFonts/Faces/RobotoRegular.uasset" 172
"../../../Engine/Content/EngineFonts/Roboto.uasset" 173
"../../../Engine/Content/EngineFonts/Faces/RobotoTiny.uasset" 174
"../../../Engine/Content/EngineFonts/RobotoTiny.uasset" 175
"../../../Engine/Content/EngineMaterials/DefaultBloomKernel.uasset" 176
"../../../Engine/Content/EngineMaterials/DefaultBokeh.uasset" 177
"../../../Engine/Content/EngineMaterials/DefaultDiffuse.uasset" 178
"../../../Engine/Content/EngineMaterials/DefaultDeferredDecalMaterial.uasset" 179
"../../../Engine/Content/EngineMaterials/DefaultLightFunctionMaterial.uasset" 180
"../../../Engine/Content/EngineMaterials/DefaultPhysicalMaterial.uasset" 181
"../../../Engine/Content/Functions/Engine_MaterialFunctions02/Utility/BreakOutFloat2Components.uasset" 182
"../../../Engine/Content/EngineMaterials/DefaultPostProcessMaterial.uasset" 183
"../../../Engine/Content/EngineFonts/RobotoDistanceField.uasset" 184
"../../../Engine/Content/EngineMaterials/DefaultTextMaterialOpaque.uasset" 185
"../../../Engine/Content/EngineMaterials/DefaultWhiteGrid.uasset" 186
"../../../Engine/Content/EngineMaterials/EditorBrushMaterial.uasset" 187
"../../../Engine/Content/EngineMaterials/MiniFont.uasset" 188
"../../../Engine/Content/EngineMaterials/InvalidLightmapSettings.uasset" 189
"../../../Engine/Content/EngineMaterials/M_InvalidLightmapSettings.uasset" 190
"../../../Engine/Content/EngineMaterials/PhAT_JointLimitMaterial.uasset" 191
"../../../Engine/Content/EngineMaterials/PreintegratedSkinBRDF.uasset" 192
"../../../Engine/Content/EngineMaterials/RemoveSurfaceMaterial.uasset" 193
"../../../Engine/Content/EngineMaterials/WeightMapPlaceholderTexture.uasset" 194
"../../../Engine/Content/EngineResources/WhiteSquareTexture.uasset" 195
"../../../Engine/Content/EngineMaterials/Widget3DPassThrough.uasset" 196
"../../../Engine/Content/EngineMaterials/Widget3DPassThrough_Masked.uasset" 197
"../../../Engine/Content/EngineMaterials/Widget3DPassThrough_Opaque.uasset" 198
"../../../Engine/Content/EngineMaterials/Widget3DPassThrough_Masked_OneSided.uasset" 199
"../../../Engine/Content/EngineMaterials/Widget3DPassThrough_Opaque_OneSided.uasset" 200
"../../../Engine/Content/EngineMaterials/Widget3DPassThrough_Translucent.uasset" 201
"../../../Engine/Content/EngineMaterials/Widget3DPassThrough_Translucent_OneSided.uasset" 202
"../../../Engine/Content/EngineMeshes/Cube.uasset" 203
"../../../Engine/Content/EngineMeshes/Cylinder.uasset" 204
"../../../Engine/Content/EngineMeshes/Sphere.uasset" 205
"../../../Engine/Content/EngineResources/Black.uasset" 206
"../../../Engine/Content/EngineResources/DefaultTexture.uasset" 207
"../../../Engine/Content/EngineResources/DefaultTextureCube.uasset" 208
"../../../Engine/Content/EngineResources/GradientTexture0.uasset" 209
"../../../Engine/Content/EngineSounds/Master.uasset" 210
"../../../Engine/Content/Functions/Engine_MaterialFunctions01/Shading/ConvertFromDiffSpec.uasset" 211
"../../../Engine/Content/Functions/Engine_MaterialFunctions01/Shading/PowerToRoughness.uasset" 212
"../../../Engine/Content/Maps/Templates/Thumbnails/Default.uasset" 213
"../../../Engine/Content/Maps/Templates/Thumbnails/VR-Basic.uasset" 214
"../../../Engine/Content/MobileResources/T_MobileControls_texture.uasset" 215
"../../../Engine/Content/MobileResources/T_MobileMenu2.uasset" 216
"../../../Engine/Content/MobileResources/HUD/AnalogHat.uasset" 217
"../../../Engine/Content/MobileResources/HUD/VirtualJoystick_Background.uasset" 218
"../../../Engine/Content/MobileResources/HUD/VirtualJoystick_Thumb.uasset" 219
"../../../Engine/Content/MobileResources/HUD/DefaultVirtualJoysticks.uasset" 220
"../../../Engine/Content/MobileResources/HUD/LeftVirtualJoystickOnly.uasset" 221
"../../../Engine/Content/MobileResources/HUD/MobileHUDButton1_off.uasset" 222
"../../../Engine/Content/MobileResources/HUD/MobileHUDButton1_on.uasset" 223
"../../../Engine/Content/MobileResources/HUD/MobileHUDButton2_off.uasset" 224
"../../../Engine/Content/MobileResources/HUD/MobileHUDButton2_on.uasset" 225
"../../../Engine/Content/MobileResources/HUD/MobileHUDButton3.uasset" 226
"../../../Engine/Content/MobileResources/HUD/MobileHUDButtonFire.uasset" 227
"../../../Engine/Content/MobileResources/HUD/MobileHUDDirectionPad.uasset" 228
"../../../Engine/Content/MobileResources/HUD/MobileHUDDirectionPad2.uasset" 229
"../../../Engine/Content/MobileResources/HUD/MobileHUDDirectionPad3.uasset" 230
"../../../Engine/Content/MobileResources/HUD/MobileHUDDirectionStick.uasset" 231
"../../../Engine/Content/MobileResources/HUD/T_Castle_ThumbstickInner.uasset" 232
"../../../Engine/Content/MobileResources/HUD/T_Castle_ThumbstickOutter.uasset" 233
"../../../Engine/Content/Tutorial/ContentIntroCurve.uasset" 234
"../../../Engine/Content/Tutorial/Basics/TutorialAssets/icon_tab_Levels_40x.uasset" 235
"../../../Engine/Content/Tutorial/BlueprintTutorials/TutorialAssets/BlueprintInterface_64x.uasset" 236
"../../../Engine/Content/Tutorial/BlueprintTutorials/TutorialAssets/BlueprintMacroLibrary_64x.uasset" 237
"../../../Engine/Content/Tutorial/BlueprintTutorials/TutorialAssets/Blueprint_64x.uasset" 238
"../../../Engine/Content/Tutorial/BlueprintTutorials/TutorialAssets/Tutorial_BP_Interface.uasset" 239
"../../../Engine/Content/Tutorial/Foliage/TutorialAssets/Foliage.uasset" 240
"../../../Engine/Content/Tutorial/Landscape/TutorialAssets/Landscape.uasset" 241
"../../../Engine/Content/Tutorial/Paper2D/TutorialAssets/Paper2DFlipbook_TutorialIcon.uasset" 242
"../../../Engine/Content/Tutorial/Paper2D/TutorialAssets/Paper2DSprite_TutorialIcon.uasset" 243
"../../../Engine/Content/Tutorial/SubEditors/TutorialAssets/icon_Editor_Preferences_General_40x.uasset" 244
"../../../Engine/Content/Tutorial/SubEditors/TutorialAssets/icon_ShowSkeletalMeshes_40x.uasset" 245
"../../../Engine/Content/Tutorial/SubEditors/TutorialAssets/TutorialMaterial.uasset" 246
"../../../Engine/Content/Tutorial/SubEditors/TutorialAssets/T_SmokeSubUV_8X8.uasset" 247
"../../../Engine/Content/Tutorial/SubEditors/TutorialAssets/T_soft_smoke.uasset" 248
"../../../Engine/Content/Tutorial/SubEditors/TutorialAssets/M_smoke_subUV_blackbody.uasset" 249
"../../../Engine/Content/Tutorial/SubEditors/TutorialAssets/TutorialParticleSystem.uasset" 250
"../../../Engine/Content/EditorMeshes/EditorCube.uasset" 251
"../../../Engine/Content/Tutorial/SubEditors/TutorialAssets/Tutorial_DM.uasset" 252
"../../../Engine/Content/VREditor/Devices/Generic/GenericHMDMaterial.uasset" 253
"../../../Engine/Content/VREditor/Devices/Generic/GenericHMD.uasset" 254
"../../../Engine/Content/VREditor/FloatingText/LineMaterial.uasset" 255
"../../../Engine/Content/VREditor/FloatingText/JointSphere.uasset" 256
"../../../Engine/Content/VREditor/FloatingText/LineSegmentCylinder.uasset" 257
"../../../Engine/Content/VREditor/Fonts/VRText_RobotoLarge.uasset" 258
"../../../Engine/Content/VREditor/Fonts/VRTextMaterial.uasset" 259
"../../../Engine/Content/VREditor/Fonts/TranslucentVRTextMaterial.uasset" 260
"../../../Engine/Content/VREditor/LaserPointer/CursorPointer.uasset" 261
"../../../Engine/Content/VREditor/LaserPointer/VR_LaserPower_01.uasset" 262
"../../../Engine/Content/VREditor/TransformGizmo/TransformGizmoMaterial.uasset" 263
"../../../Engine/Content/VREditor/LaserPointer/HoverMaterial.uasset" 264
"../../../Engine/Content/VREditor/TransformGizmo/TranslucentTransformGizmoMaterial.uasset" 265
"../../../Engine/Content/VREditor/LaserPointer/TranslucentHoverMaterial.uasset" 266
"../../../Engine/Content/VREditor/LaserPointer/HoverMesh.uasset" 267
"../../../Engine/Content/VREditor/LaserPointer/LaserPointerMaterial.uasset" 268
"../../../Engine/Content/VREditor/LaserPointer/LaserPointerMaterialInst.uasset" 269
"../../../Engine/Content/VREditor/LaserPointer/TranslucentLaserPointerMaterialInst.uasset" 270
"../../../Engine/Content/VREditor/LaserPointer/LaserPointerMesh.uasset" 271
"../../../Engine/Content/VREditor/LaserPointer/LaserPointerMesh_End.uasset" 272
"../../../Engine/Content/VREditor/LaserPointer/LaserPointerMesh_Start.uasset" 273
"../../../Engine/Content/Functions/Engine_MaterialFunctions02/Utility/BreakOutFloat3Components.uasset" 274
"../../../Engine/Content/Functions/Engine_MaterialFunctions02/Math/Transform3x3Matrix.uasset" 275
"../../../Engine/Content/Functions/Engine_MaterialFunctions02/SplitComponents.uasset" 276
"../../../Engine/Content/Functions/Engine_MaterialFunctions02/Utility/MakeFloat3.uasset" 277
"../../../Engine/Content/VREditor/SnapGrid/SnapGridMaterial.uasset" 278
"../../../Engine/Content/VREditor/SnapGrid/SnapGridPlaneMesh.uasset" 279
"../../../Engine/Content/VREditor/Sounds/VR_teleport.uasset" 280
"../../../Engine/Content/VREditor/Sounds/UI/Click_on_Button_Cue.uasset" 281
"../../../Engine/Content/VREditor/Sounds/UI/Dockable_Window_Close.uasset" 282
"../../../Engine/Content/VREditor/Sounds/UI/Dockable_Window_Drop.uasset" 283
"../../../Engine/Content/VREditor/Sounds/UI/Dockable_Window_Open.uasset" 284
"../../../Engine/Content/VREditor/Sounds/UI/Dockable_Window_Pick_Up.uasset" 285
"../../../Engine/Content/VREditor/Sounds/UI/Drop_Item_From_ContentBrowser.uasset" 286
"../../../Engine/Content/VREditor/Sounds/UI/Floating_UI_Open-001.uasset" 287
"../../../Engine/Content/VREditor/Sounds/UI/Gizmo_Handle_Clicked.uasset" 288
"../../../Engine/Content/VREditor/Sounds/UI/Object_PickUp.uasset" 289
"../../../Engine/Content/VREditor/Sounds/UI/Object_Snaps_To_Another_Actor.uasset" 290
"../../../Engine/Content/VREditor/Sounds/UI/Object_Snaps_To_Grid.uasset" 291
"../../../Engine/Content/VREditor/Sounds/UI/Radial_Menu_FadeOut.uasset" 292
"../../../Engine/Content/VREditor/Sounds/UI/Scaling_Down.uasset" 293
"../../../Engine/Content/VREditor/Sounds/UI/Scaling_Up.uasset" 294
"../../../Engine/Content/VREditor/Sounds/UI/Selection_Changes.uasset" 295
"../../../Engine/Content/VREditor/Sounds/UI/Teleport_Mode_Entered.uasset" 296
"../../../Engine/Content/VREditor/Teleport/TeleportDirectionMaterial.uasset" 297
"../../../Engine/Content/VREditor/Teleport/TeleportDirectionMaterial_Inst.uasset" 298
"../../../Engine/Content/VREditor/Teleport/TeleportDirectionMesh.uasset" 299
"../../../Engine/Content/VREditor/TransformGizmo/BoundingBoxCorner.uasset" 300
"../../../Engine/Content/VREditor/TransformGizmo/BoundingBoxEdge.uasset" 301
"../../../Engine/Content/VREditor/TransformGizmo/PlaneTranslationHandle.uasset" 302
"../../../Engine/Content/VREditor/TransformGizmo/RotationHandleFull.uasset" 303
"../../../Engine/Content/VREditor/TransformGizmo/RotationHandleIndicator.uasset" 304
"../../../Engine/Content/VREditor/TransformGizmo/RotationHandleQuarter.uasset" 305
"../../../Engine/Content/VREditor/TransformGizmo/Main.uasset" 306
"../../../Engine/Content/VREditor/TransformGizmo/Xray.uasset" 307
"../../../Engine/Content/VREditor/TransformGizmo/SM_Dialog_Close.uasset" 308
"../../../Engine/Content/VREditor/TransformGizmo/SM_Dialog_Move.uasset" 309
"../../../Engine/Content/VREditor/TransformGizmo/SM_Sequencer_Key.uasset" 310
"../../../Engine/Content/VREditor/TransformGizmo/StartRotationHandleIndicator.uasset" 311
"../../../Engine/Content/VREditor/TransformGizmo/TranslucentTransformGizmoMaterial_Inst.uasset" 312
"../../../Engine/Content/VREditor/TransformGizmo/TransformGizmoFreeRotation.uasset" 313
"../../../Engine/Content/VREditor/TransformGizmo/TransformGizmoMaterial_Inst.uasset" 314
"../../../Engine/Content/VREditor/TransformGizmo/TranslateArrowHandle.uasset" 315
"../../../Engine/Content/VREditor/TransformGizmo/UniformScaleHandle.uasset" 316
"../../../Engine/Content/VREditor/UI/KeyDiskMaterial.uasset" 317
"../../../Engine/Content/VREditor/UI/DiscMaterial.uasset" 318
"../../../Engine/Content/VREditor/UI/SM_Radial_Disk.uasset" 319
"../../../Engine/Content/VREditor/WorldMovementGrid/SimpleGrid.uasset" 320
"../../../Engine/Content/VREditor/WorldMovementGrid/GridMaterial.uasset" 321
"../../../Engine/Content/Functions/Engine_MaterialFunctions01/Density/ExponentialDensity.uasset" 322
"../../../Engine/Content/VREditor/WorldMovementGrid/GridPostProcess.uasset" 323
"../../../Engine/Content/EditorLandscapeResources/FlattenHeightMat.uasset" 324
"../../../Engine/Content/VREditor/WorldMovementGrid/PlaneMesh.uasset" 325
"../../../Engine/Plugins/2D/Paper2D/Content/PlaceholderTextures/DummySpriteTexture.uasset" 326
"../../../Engine/Plugins/2D/Paper2D/Content/DummySprite.uasset" 327
"../../../Engine/Plugins/2D/Paper2D/Content/DefaultPaperTerrainMaterial.uasset" 328
"../../../Engine/Plugins/2D/Paper2D/Content/DefaultSpriteMaterial.uasset" 329
"../../../Engine/Plugins/2D/Paper2D/Content/MaskedUnlitSpriteMaterial.uasset" 330
"../../../Engine/Plugins/2D/Paper2D/Content/OpaqueUnlitSpriteMaterial.uasset" 331
"../../../Engine/Plugins/Runtime/Oculus/OculusVR/Content/Textures/GearVRController_AO.uasset" 332
"../../../Engine/Plugins/Runtime/Oculus/OculusVR/Content/Textures/GearVRController_Color.uasset" 333
"../../../Engine/Plugins/Runtime/Oculus/OculusVR/Content/Textures/GearVRController_Normal.uasset" 334
"../../../Engine/Plugins/Runtime/Oculus/OculusVR/Content/Materials/GearVRControllerMaterial.uasset" 335
"../../../Engine/Plugins/Runtime/Oculus/OculusVR/Content/Meshes/GearVrController.uasset" 336
"../../../MyProject2/Content/Asses2.umap" 337
"../../../MyProject2/Content/Asses2_VRExport.umap" 338
"../../../MyProject2/Content/Env/FrameAndPaintings/Fiess_Asses2_Env_Frame_Diffuse_02.uasset" 339
"../../../MyProject2/Content/Env/FrameAndPaintings/Fiess_Asses2_Env_Frame_lambert1_Normal.uasset" 340
"../../../MyProject2/Content/Env/FrameAndPaintings/Fiess_Asses2_Env_Frame_MetRough.uasset" 341
"../../../MyProject2/Content/Env/FrameAndPaintings/Mat51.uasset" 342
"../../../MyProject2/Content/Env/Rug/Stephens_Assess2_Pattern_Rug_02.uasset" 343
"../../../MyProject2/Content/Env/Rug/Mat46.uasset" 344
"../../../MyProject2/Content/Env/Table/Thomas_Assess2_Env_Table_Texture_Basecolor.uasset" 345
"../../../MyProject2/Content/Env/Table/Thomas_Assess2_Env_Table_Texture_Metrough.uasset" 346
"../../../MyProject2/Content/Env/Table/Thomas_Assess2_Env_Table_Texture_Normal.uasset" 347
"../../../MyProject2/Content/Env/Table/Mat16.uasset" 348
"../../../MyProject2/Content/Props/Books/Book_03/Collins_Assess2_Book3_Maps_Diffuse.uasset" 349
"../../../MyProject2/Content/Props/Books/Book_03/Collins_Assess2_Book3_Maps_Metrough.uasset" 350
"../../../MyProject2/Content/Props/Books/Book_03/Collins_Assess2_Book3_Maps_Normal.uasset" 351
"../../../MyProject2/Content/Props/Books/Book_03/Mat12.uasset" 352
"../../../MyProject2/Content/Props/BottleWSoul/GlowBlue.uasset" 353
"../../../MyProject2/Content/Props/Scroll/Var2/Thomas_Assess2_Prop_Scroll_6_Metrough.uasset" 354
"../../../MyProject2/Content/Props/Scroll/Var2/Thomas_Assess2_Prop_Scroll_6_Normal.uasset" 355
"../../../MyProject2/Content/Props/Scroll/Var2/Thomas_Assess2_Team4_Prop_Scroll_6_BaseColor.uasset" 356
"../../../MyProject2/Content/Props/Scroll/Var2/Mat48.uasset" 357
"../../../Engine/Content/BasicShapes/Sphere.uasset" 358
"../../../MyProject2/Content/Env/BookShelf/Var1/Austin_Asses2_Env_Bookshelf_Diffuse_Var1.uasset" 359
"../../../MyProject2/Content/Env/BookShelf/Var1/Austin_Asses2_Env_Bookshelf_Normal_Var1.uasset" 360
"../../../MyProject2/Content/Env/BookShelf/Var1/Mat18.uasset" 361
"../../../MyProject2/Content/Env/BookShelf/Var1/Austin_Asses2_Env_Bookshelf_Model_Low_Var1.uasset" 362
"../../../MyProject2/Content/Env/BookShelf/Var2/Austin_Asses2_Env_Bookshelf_Diffuse_Var2.uasset" 363
"../../../MyProject2/Content/Env/BookShelf/Var2/Austin_Asses2_Env_Bookshelf_Normal_Var2.uasset" 364
"../../../MyProject2/Content/Env/BookShelf/Var2/Mat19.uasset" 365
"../../../MyProject2/Content/Env/BookShelf/Var2/Austin_Asses2_Env_Bookshelf_Model_Low_Var2.uasset" 366
"../../../MyProject2/Content/Env/Cauldron/GlowBlue.uasset" 367
"../../../MyProject2/Content/Env/Cauldron/Thomas_Asses2_Env_Cauldron_02_pPlane1.uasset" 368
"../../../MyProject2/Content/Env/Cauldron/Thomas_Assess2_Prop_Cauldron_Model_Low.uasset" 369
"../../../MyProject2/Content/Env/Chair/Mat2/Fiess_Asses2_Env_Chair_Mat2_Diffuse.uasset" 370
"../../../MyProject2/Content/Env/Chair/Mat2/Fiess_Asses2_Env_Chair_Mat2_MetRough.uasset" 371
"../../../MyProject2/Content/Env/Chair/Mat2/Fiess_Asses2_Env_Chair_Mat2_Normal.uasset" 372
"../../../MyProject2/Content/Env/Chair/Mat2/Mat6.uasset" 373
"../../../MyProject2/Content/Env/Chair/Fiess_Asses2_Env_Chair_Model_pCylinder58.uasset" 374
"../../../MyProject2/Content/Env/Chair/Mat1/Fiess_Asses2_Env_Chair_Mat1_Diffuse.uasset" 375
"../../../MyProject2/Content/Env/Chair/Mat1/Fiess_Asses2_Env_Chair_Mat1_MetRough.uasset" 376
"../../../MyProject2/Content/Env/Chair/Mat1/Fiess_Asses2_Env_Chair_Mat1_Normal.uasset" 377
"../../../MyProject2/Content/Env/Chair/Mat1/Mat1.uasset" 378
"../../../MyProject2/Content/Env/Chair/Fiess_Asses2_Env_Chair_Model_polySurface216.uasset" 379
"../../../MyProject2/Content/Env/Chair/Mat3/Fiess_Asses2_Env_Chair_Mat3_Diffuse.uasset" 380
"../../../MyProject2/Content/Env/Chair/Mat3/Fiess_Asses2_Env_Chair_Mat3_MetRough.uasset" 381
"../../../MyProject2/Content/Env/Chair/Mat3/Fiess_Asses2_Env_Chair_Mat3_Normal.uasset" 382
"../../../MyProject2/Content/Env/Chair/Mat3/Mat7.uasset" 383
"../../../MyProject2/Content/Env/Chair/Fiess_Asses2_Env_Chair_Model_polySurface47.uasset" 384
"../../../MyProject2/Content/Env/CoatHanger/Fiess_Asses2_Env_CoatHanger_Diffuse.uasset" 385
"../../../MyProject2/Content/Env/CoatHanger/Fiess_Asses2_Env_CoatHanger_Normal.uasset" 386
"../../../MyProject2/Content/Env/CoatHanger/Fiess_Asses2_Props_CoatHanger_MetRough.uasset" 387
"../../../MyProject2/Content/Env/CoatHanger/Mat36.uasset" 388
"../../../MyProject2/Content/Env/CoatHanger/Fiess_Asses2_Env_CoatHanger_Model.uasset" 389
"../../../MyProject2/Content/Env/FireWood/Fiess_Asses2_Env_FireWood_Diffuse.uasset" 390
"../../../MyProject2/Content/Env/FireWood/Fiess_Asses2_Env_FireWood_MetRough.uasset" 391
"../../../MyProject2/Content/Env/FireWood/Fiess_Asses2_Env_FireWood_Normal.uasset" 392
"../../../MyProject2/Content/Env/FireWood/Mat15.uasset" 393
"../../../MyProject2/Content/Env/FireWood/Fiess_Asses2_FireWood_02.uasset" 394
"../../../MyProject2/Content/Env/FrameAndPaintings/Fiess_Asses2_Env_Frame_Diffuse.uasset" 395
"../../../MyProject2/Content/Env/FrameAndPaintings/Mat50.uasset" 396
"../../../MyProject2/Content/Env/FrameAndPaintings/Fiess_Asses2_Env_Frame.uasset" 397
"../../../MyProject2/Content/Env/Robes/Fiess_Asses2_Env_Robes_Diffuse.uasset" 398
"../../../MyProject2/Content/Env/Robes/Fiess_Asses2_Env_Robes_MetRough.uasset" 399
"../../../MyProject2/Content/Env/Robes/Fiess_Asses2_Env_Robes_Normal.uasset" 400
"../../../MyProject2/Content/Env/Robes/Mat37.uasset" 401
"../../../MyProject2/Content/Env/Robes/Fiess_Asses2_Env_Robes_Model_01.uasset" 402
"../../../MyProject2/Content/Env/Rug/Stephens_Assess2_Model_Rug_02.uasset" 403
"../../../MyProject2/Content/Env/Table/TableModel.uasset" 404
"../../../MyProject2/Content/Env/TreasureChest/Thomas_Assess2_Env_Chest_Texture_Basecolor.uasset" 405
"../../../MyProject2/Content/Env/TreasureChest/Thomas_Assess2_Env_Chest_Texture_MetRough.uasset" 406
"../../../MyProject2/Content/Env/TreasureChest/Thomas_Assess2_Env_Chest_Texture_Normal.uasset" 407
"../../../MyProject2/Content/Env/TreasureChest/Mat21.uasset" 408
"../../../MyProject2/Content/Env/TreasureChest/Thomas_Assess2_Model_Chest_Low.uasset" 409
"../../../MyProject2/Content/Env/WizardTower/Mat7/Env_Fireplace_firepittexture_BaseColor__1_.uasset" 410
"../../../MyProject2/Content/Env/WizardTower/Mat7/Env_Fireplace_firepittexture_Normal.uasset" 411
"../../../MyProject2/Content/Env/WizardTower/Mat7/Env_Fireplace_firepittexture_OcclusionRoughnessMetallic.uasset" 412
"../../../MyProject2/Content/Env/WizardTower/Mat7/Mat7.uasset" 413
"../../../MyProject2/Content/Env/WizardTower/Luke_Env_WizardTower_Model_03_pCube17.uasset" 414
"../../../MyProject2/Content/Env/WizardTower/Mat6/Fiess_Asses2_Env_WizardTower_Mat4_Diffuse.uasset" 415
"../../../MyProject2/Content/Env/WizardTower/Mat6/Fiess_Asses2_Env_WizardTower_Mat4_MetRough.uasset" 416
"../../../MyProject2/Content/Env/WizardTower/Mat6/Fiess_Asses2_Env_WizardTower_Mat4_Normal.uasset" 417
"../../../MyProject2/Content/Env/WizardTower/Mat6/Mat6.uasset" 418
"../../../MyProject2/Content/Env/WizardTower/Luke_Env_WizardTower_Model_03_pCube65.uasset" 419
"../../../MyProject2/Content/Env/WizardTower/Mat5/Luke_Env_WizardTower_Model_Wall_Textures_Grunge_BaseColor.uasset" 420
"../../../MyProject2/Content/Env/WizardTower/Mat5/Luke_Env_WizardTower_Model_Wall_Textures_Grunge_Normal.uasset" 421
"../../../MyProject2/Content/Env/WizardTower/Mat5/Luke_Env_WizardTower_Model_Wall_Textures_Grunge_OcclusionRoughnessMetallic.uasset" 422
"../../../MyProject2/Content/Env/WizardTower/Mat5/Mat5.uasset" 423
"../../../MyProject2/Content/Env/WizardTower/Luke_Env_WizardTower_Model_03_pPipe2.uasset" 424
"../../../MyProject2/Content/Env/WizardTower/Mat4/Fiess_Asses2_Env_WizardTower_Mat2_Diffuse.uasset" 425
"../../../MyProject2/Content/Env/WizardTower/Mat4/Fiess_Asses2_Env_WizardTower_Mat2_MetRough.uasset" 426
"../../../MyProject2/Content/Env/WizardTower/Mat4/Fiess_Asses2_Env_WizardTower_Mat2_Normal.uasset" 427
"../../../MyProject2/Content/Env/WizardTower/Mat4/Mat4.uasset" 428
"../../../MyProject2/Content/Env/WizardTower/Luke_Env_WizardTower_Model_03_Wood.uasset" 429
"../../../MyProject2/Content/StarterContent/Textures/T_Fire_SubUV.uasset" 430
"../../../MyProject2/Content/StarterContent/Textures/T_Fire_Tiled_D.uasset" 431
"../../../MyProject2/Content/StarterContent/Particles/Materials/M_Fire_SubUV.uasset" 432
"../../../MyProject2/Content/StarterContent/Textures/T_Water_N.uasset" 433
"../../../MyProject2/Content/StarterContent/Particles/Materials/M_Heat_Distortion.uasset" 434
"../../../MyProject2/Content/StarterContent/Particles/Materials/M_Radial_Gradient.uasset" 435
"../../../MyProject2/Content/Fire/P_Fire.uasset" 436
"../../../MyProject2/Content/Props/Alembic/GlowPurple.uasset" 437
"../../../MyProject2/Content/Props/Alembic/Fiess_Asses2_Props_Alembic_06_polySurface1.uasset" 438
"../../../MyProject2/Content/Props/Alembic/GlowGreen.uasset" 439
"../../../MyProject2/Content/Props/Alembic/Fiess_Asses2_Props_Alembic_06_polySurface3.uasset" 440
"../../../MyProject2/Content/Props/Alembic/Mat20-02.uasset" 441
"../../../MyProject2/Content/Props/Alembic/Fiess_Asses2_Props_Alembic_06_polySurface5.uasset" 442
"../../../MyProject2/Content/Props/Alembic/Fiess_Asses2_Props_Alembic_06_polySurface6.uasset" 443
"../../../MyProject2/Content/Props/Books/Book_01/Collins_Assess2_Book1_Maps_Diffuse.uasset" 444
"../../../MyProject2/Content/Props/Books/Book_01/Collins_Assess2_Book1_Maps_Metrough.uasset" 445
"../../../MyProject2/Content/Props/Books/Book_01/Collins_Assess2_Book1_Maps_Normal.uasset" 446
"../../../MyProject2/Content/Props/Books/Book_01/Mat10.uasset" 447
"../../../MyProject2/Content/Props/Books/Book_01/book1.uasset" 448
"../../../MyProject2/Content/Props/Books/Book_02/Collins_Assess2_Book2_Maps_Diffuse.uasset" 449
"../../../MyProject2/Content/Props/Books/Book_02/Collins_Assess2_Book2_Maps_Metrough.uasset" 450
"../../../MyProject2/Content/Props/Books/Book_02/Collins_Assess2_Book2_Maps_Normal.uasset" 451
"../../../MyProject2/Content/Props/Books/Book_02/Mat11.uasset" 452
"../../../MyProject2/Content/Props/Books/Book_02/book2.uasset" 453
"../../../MyProject2/Content/Props/Books/Book_03/book3.uasset" 454
"../../../MyProject2/Content/Props/BottleWSoul/Stephens_Assess2_Props_BottleWSoul_BaseColor.uasset" 455
"../../../MyProject2/Content/Props/BottleWSoul/Stephens_Assess2_Props_BottleWSoul_MetRough.uasset" 456
"../../../MyProject2/Content/Props/BottleWSoul/Stephens_Assess2_Props_BottleWSoul_Normal.uasset" 457
"../../../MyProject2/Content/Props/BottleWSoul/Mat44.uasset" 458
"../../../MyProject2/Content/Props/BottleWSoul/Stephens_Assess2_Model_SouBottle_01.uasset" 459
"../../../MyProject2/Content/Props/Braff/Stephens_Asses2_Props_Braff_Diffuse.uasset" 460
"../../../MyProject2/Content/Props/Braff/Stephens_Asses2_Props_Braff_MetRough.uasset" 461
"../../../MyProject2/Content/Props/Braff/Stephens_Asses2_Props_Braff_Normal.uasset" 462
"../../../MyProject2/Content/Props/Braff/Mat45.uasset" 463
"../../../MyProject2/Content/Props/Braff/Stphens_Assess2_Model_Braff_01.uasset" 464
"../../../MyProject2/Content/Props/Cage/Fiess_Asses2_Props_Cage_Diffuse.uasset" 465
"../../../MyProject2/Content/Props/Cage/Fiess_Asses2_Props_Cage_Metrough.uasset" 466
"../../../MyProject2/Content/Props/Cage/Fiess_Asses2_Props_Cage_Normal.uasset" 467
"../../../MyProject2/Content/Props/Cage/Mat25.uasset" 468
"../../../MyProject2/Content/Props/Cage/Fiess_Asses2_Props_Cage_Model_02.uasset" 469
"../../../MyProject2/Content/Props/Candle/Collins_Assess2_Candle_Maps_Diffusetga.uasset" 470
"../../../MyProject2/Content/Props/Candle/Collins_Assess2_Candle_Maps_Metrough.uasset" 471
"../../../MyProject2/Content/Props/Candle/Collins_Assess2_Candle_Maps_Normal.uasset" 472
"../../../MyProject2/Content/Props/Candle/Mat13.uasset" 473
"../../../MyProject2/Content/Props/Candle/candle.uasset" 474
"../../../MyProject2/Content/Props/Crystal/Collins_Assess2_Crystal_Maps_Diffuse.uasset" 475
"../../../MyProject2/Content/Props/Crystal/Collins_Assess2_Crystal_Maps_Metrough.uasset" 476
"../../../MyProject2/Content/Props/Crystal/Collins_Assess2_Crystal_Maps_Normal.uasset" 477
"../../../MyProject2/Content/Props/Crystal/Mat17.uasset" 478
"../../../MyProject2/Content/Props/Crystal/crystal.uasset" 479
"../../../MyProject2/Content/Props/Grimoire/Collins_Assess2_Grimoire_Maps_Diffuse.uasset" 480
"../../../MyProject2/Content/Props/Grimoire/Collins_Assess2_Grimoire_Maps_Metrough.uasset" 481
"../../../MyProject2/Content/Props/Grimoire/Collins_Assess2_Grimoire_Maps_Normal.uasset" 482
"../../../MyProject2/Content/Props/Grimoire/Mat14.uasset" 483
"../../../MyProject2/Content/Props/Grimoire/grimoire.uasset" 484
"../../../MyProject2/Content/Props/MortarAndPestle/Austin_Asses2_Props_Mortar_Pestle_Diffuse.uasset" 485
"../../../MyProject2/Content/Props/MortarAndPestle/Austin_Asses2_Props_Mortar_Pestle_MetRough.uasset" 486
"../../../MyProject2/Content/Props/MortarAndPestle/Austin_Asses2_Props_Mortar_Pestle_Normal.uasset" 487
"../../../MyProject2/Content/Props/MortarAndPestle/Mat51.uasset" 488
"../../../MyProject2/Content/Props/MortarAndPestle/Austin_Asses2_Props_Mortar_Pestle_Model_Low.uasset" 489
"../../../MyProject2/Content/Props/Papers/Var1/Austin_Asses2_Props_Paper_Diffuse_Var1.uasset" 490
"../../../MyProject2/Content/Props/Papers/Var1/Austin_Asses2_Props_Paper_MetRough_Var1.uasset" 491
"../../../MyProject2/Content/Props/Papers/Var1/Austin_Asses2_Props_Paper_Normal_Var1.uasset" 492
"../../../MyProject2/Content/Props/Papers/Var1/Mat38.uasset" 493
"../../../MyProject2/Content/Props/Papers/Var1/Austin_Asses2_Props_Paper_Model_Low_Var1.uasset" 494
"../../../MyProject2/Content/Props/Papers/Var2/Austin_Asses2_Props_Paper_Diffuse_Var2.uasset" 495
"../../../MyProject2/Content/Props/Papers/Var2/Austin_Asses2_Props_Paper_MetRough_Var2.uasset" 496
"../../../MyProject2/Content/Props/Papers/Var2/Austin_Asses2_Props_Paper_Normal_Var2.uasset" 497
"../../../MyProject2/Content/Props/Papers/Var2/Mat39.uasset" 498
"../../../MyProject2/Content/Props/Papers/Var2/Austin_Asses2_Props_Paper_Model_Low_Var2.uasset" 499
"../../../MyProject2/Content/Props/Papers/Var3/Austin_Asses2_Props_Paper_Diffuse_Var3.uasset" 500
"../../../MyProject2/Content/Props/Papers/Var3/Austin_Asses2_Props_Paper_MetRough_Var3.uasset" 501
"../../../MyProject2/Content/Props/Papers/Var3/Austin_Asses2_Props_Paper_Normal_Var3.uasset" 502
"../../../MyProject2/Content/Props/Papers/Var3/Mat40.uasset" 503
"../../../MyProject2/Content/Props/Papers/Var3/Austin_Asses2_Props_Paper_Model_Low_Var3.uasset" 504
"../../../MyProject2/Content/Props/Papers/Var4/Austin_Asses2_Props_Paper_Diffuse_Var4.uasset" 505
"../../../MyProject2/Content/Props/Papers/Var4/Austin_Asses2_Props_Paper_MetRough_Var4.uasset" 506
"../../../MyProject2/Content/Props/Papers/Var4/Austin_Asses2_Props_Paper_Normal_Var4.uasset" 507
"../../../MyProject2/Content/Props/Papers/Var4/Mat41.uasset" 508
"../../../MyProject2/Content/Props/Papers/Var4/Austin_Asses2_Props_Paper_Model_Low_Var4.uasset" 509
"../../../MyProject2/Content/Props/Papers/Var5/Austin_Asses2_Props_Paper_Diffuse_Var5.uasset" 510
"../../../MyProject2/Content/Props/Papers/Var5/Austin_Asses2_Props_Paper_MetRough_Var5.uasset" 511
"../../../MyProject2/Content/Props/Papers/Var5/Austin_Asses2_Props_Paper_Normal_Var5.uasset" 512
"../../../MyProject2/Content/Props/Papers/Var5/Mat42.uasset" 513
"../../../MyProject2/Content/Props/Papers/Var5/Austin_Asses2_Props_Paper_Model_Low_Var5.uasset" 514
"../../../MyProject2/Content/Props/Papers/Var6/Austin_Asses2_Props_Paper_Diffuse_Var6.uasset" 515
"../../../MyProject2/Content/Props/Papers/Var6/Austin_Asses2_Props_Paper_MetRough_Var6.uasset" 516
"../../../MyProject2/Content/Props/Papers/Var6/Austin_Asses2_Props_Paper_Normal_Var6.uasset" 517
"../../../MyProject2/Content/Props/Papers/Var6/Mat43.uasset" 518
"../../../MyProject2/Content/Props/Papers/Var6/Austin_Asses2_Props_Paper_Model_Low_Var6.uasset" 519
"../../../MyProject2/Content/Props/PotionBottles/Var1/Contents/Austin_Asses2_Props_PotionBottle_Contents_Diffuse_Var1.uasset" 520
"../../../MyProject2/Content/Props/PotionBottles/Var1/Contents/Austin_Asses2_Props_PotionBottle_Contents_MetRough_Var1.uasset" 521
"../../../MyProject2/Content/Props/PotionBottles/Var1/Contents/Austin_Asses2_Props_PotionBottle_Contents_Normal_Var1.uasset" 522
"../../../MyProject2/Content/Props/PotionBottles/Var1/Contents/Mat27.uasset" 523
"../../../MyProject2/Content/Props/PotionBottles/Var1/Austin_Asses2_Props_PotionBottle_Contents_Model_Low_Var1.uasset" 524
"../../../MyProject2/Content/Props/PotionBottles/Var1/Bottle/Austin_Asses2_Props_PotionBottle_Diffuse_Var1.uasset" 525
"../../../MyProject2/Content/Props/PotionBottles/Var1/Bottle/Austin_Asses2_Props_PotionBottle_MetRough_Var1.uasset" 526
"../../../MyProject2/Content/Props/PotionBottles/Var1/Bottle/Austin_Asses2_Props_PotionBottle_Normal_Var1.uasset" 527
"../../../MyProject2/Content/Props/PotionBottles/Var1/Bottle/Mat26.uasset" 528
"../../../MyProject2/Content/Props/PotionBottles/Var1/Austin_Asses2_Props_PotionBottle_Model_Low_Var1.uasset" 529
"../../../MyProject2/Content/Props/PotionBottles/Var2/Content/Austin_Asses2_Props_PotionBottle_Contents_Diffuse_Var2.uasset" 530
"../../../MyProject2/Content/Props/PotionBottles/Var2/Content/Austin_Asses2_Props_PotionBottle_Contents_MetRough_Var2.uasset" 531
"../../../MyProject2/Content/Props/PotionBottles/Var2/Content/Austin_Asses2_Props_PotionBottle_Contents_Normal_Var2.uasset" 532
"../../../MyProject2/Content/Props/PotionBottles/Var2/Content/Mat28.uasset" 533
"../../../MyProject2/Content/Props/PotionBottles/Var2/Austin_Asses2_Props_PotionBottle_Contents_Model_Low_Var2.uasset" 534
"../../../MyProject2/Content/Props/PotionBottles/Var2/Bottle/Austin_Asses2_Props_PotionBottle_Diffuse_Var2.uasset" 535
"../../../MyProject2/Content/Props/PotionBottles/Var2/Bottle/Austin_Asses2_Props_PotionBottle_MetRough_Var2.uasset" 536
"../../../MyProject2/Content/Props/PotionBottles/Var2/Bottle/Austin_Asses2_Props_PotionBottle_Normal_Var2.uasset" 537
"../../../MyProject2/Content/Props/PotionBottles/Var2/Bottle/Mat27.uasset" 538
"../../../MyProject2/Content/Props/PotionBottles/Var2/Austin_Asses2_Props_PotionBottle_Model_Low_Var2.uasset" 539
"../../../MyProject2/Content/Props/PotionBottles/Var3/Content/Austin_Asses2_Props_PotionBottle_Contents_Diffuse_Var3.uasset" 540
"../../../MyProject2/Content/Props/PotionBottles/Var3/Content/Austin_Asses2_Props_PotionBottle_Contents_MetRough_Var3.uasset" 541
"../../../MyProject2/Content/Props/PotionBottles/Var3/Content/Austin_Asses2_Props_PotionBottle_Contents_Normal_Var3.uasset" 542
"../../../MyProject2/Content/Props/PotionBottles/Var3/Content/Mat30.uasset" 543
"../../../MyProject2/Content/Props/PotionBottles/Var3/Austin_Asses2_Props_PotionBottle_Contents_Model_Low_Var3.uasset" 544
"../../../MyProject2/Content/Props/PotionBottles/Var3/Bottle/Austin_Asses2_Props_PotionBottle_Diffuse_Var3.uasset" 545
"../../../MyProject2/Content/Props/PotionBottles/Var3/Bottle/Austin_Asses2_Props_PotionBottle_MetRough_Var3.uasset" 546
"../../../MyProject2/Content/Props/PotionBottles/Var3/Bottle/Austin_Asses2_Props_PotionBottle_Normal_Var3.uasset" 547
"../../../MyProject2/Content/Props/PotionBottles/Var3/Bottle/Mat29.uasset" 548
"../../../MyProject2/Content/Props/PotionBottles/Var3/Austin_Asses2_Props_PotionBottle_Model_Low_Var3.uasset" 549
"../../../MyProject2/Content/Props/PotionBottles/Var4/Content/Austin_Asses2_Props_PotionBottle_Contents_Diffuse_Var4.uasset" 550
"../../../MyProject2/Content/Props/PotionBottles/Var4/Content/Austin_Asses2_Props_PotionBottle_Contents_MetRough_Var4.uasset" 551
"../../../MyProject2/Content/Props/PotionBottles/Var4/Content/Austin_Asses2_Props_PotionBottle_Contents_Normal_Var4.uasset" 552
"../../../MyProject2/Content/Props/PotionBottles/Var4/Content/Mat32.uasset" 553
"../../../MyProject2/Content/Props/PotionBottles/Var4/Austin_Asses2_Props_PotionBottle_Contents_Model_Low_Var4.uasset" 554
"../../../MyProject2/Content/Props/PotionBottles/Var4/Bottle/Austin_Asses2_Props_PotionBottle_Diffuse_Var4.uasset" 555
"../../../MyProject2/Content/Props/PotionBottles/Var4/Bottle/Austin_Asses2_Props_PotionBottle_MetRough_Var4.uasset" 556
"../../../MyProject2/Content/Props/PotionBottles/Var4/Bottle/Austin_Asses2_Props_PotionBottle_Normal_Var4.uasset" 557
"../../../MyProject2/Content/Props/PotionBottles/Var4/Bottle/Mat31.uasset" 558
"../../../MyProject2/Content/Props/PotionBottles/Var4/Austin_Asses2_Props_PotionBottle_Model_Low_Var4.uasset" 559
"../../../MyProject2/Content/Props/PotionBottles/Var5/Content/Austin_Asses2_Props_PotionBottle_Contents_Diffuse_Var5.uasset" 560
"../../../MyProject2/Content/Props/PotionBottles/Var5/Content/Austin_Asses2_Props_PotionBottle_Contents_MetRough_Var5.uasset" 561
"../../../MyProject2/Content/Props/PotionBottles/Var5/Content/Austin_Asses2_Props_PotionBottle_Contents_Normal_Var5.uasset" 562
"../../../MyProject2/Content/Props/PotionBottles/Var5/Content/Mat34.uasset" 563
"../../../MyProject2/Content/Props/PotionBottles/Var5/Austin_Asses2_Props_PotionBottle_Contents_Model_Low_Var5.uasset" 564
"../../../MyProject2/Content/Props/PotionBottles/Var5/Bottle/Austin_Asses2_Props_PotionBottle_Diffuse_Var5.uasset" 565
"../../../MyProject2/Content/Props/PotionBottles/Var5/Bottle/Austin_Asses2_Props_PotionBottle_MetRough_Var5.uasset" 566
"../../../MyProject2/Content/Props/PotionBottles/Var5/Bottle/Austin_Asses2_Props_PotionBottle_Normal_Var5.uasset" 567
"../../../MyProject2/Content/Props/PotionBottles/Var5/Bottle/Mat33.uasset" 568
"../../../MyProject2/Content/Props/PotionBottles/Var5/Austin_Asses2_Props_PotionBottle_Model_Low_Var5.uasset" 569
"../../../MyProject2/Content/Props/QillAndInk/Thomas_Assess2_texture_Ink_Basecolor.uasset" 570
"../../../MyProject2/Content/Props/QillAndInk/Mat8.uasset" 571
"../../../MyProject2/Content/Props/QillAndInk/Thomas_Asses2_Props_Model_Ink_01.uasset" 572
"../../../MyProject2/Content/Props/QillAndInk/Thomas_Assess2_Texture_Quill_basecolor.uasset" 573
"../../../MyProject2/Content/Props/QillAndInk/Mat9.uasset" 574
"../../../MyProject2/Content/Props/QillAndInk/Thomas_Assess2_Model_Quill_Low.uasset" 575
"../../../MyProject2/Content/Props/Scroll/Var1/Thomas_Assess2_Prop_Scroll_4_BaseColor.uasset" 576
"../../../MyProject2/Content/Props/Scroll/Var1/Thomas_Assess2_Prop_Scroll_4_Metallic.uasset" 577
"../../../MyProject2/Content/Props/Scroll/Var1/Thomas_Assess2_Prop_Scroll_4_Normal.uasset" 578
"../../../MyProject2/Content/Props/Scroll/Var1/Thomas_Assess2_Prop_Scroll_4_Rpughness.uasset" 579
"../../../MyProject2/Content/Props/Scroll/Var1/Mat47.uasset" 580
"../../../MyProject2/Content/Props/Scroll/Var1/Thomas_Assess2_Prop_Scroll_Model_Low_4.uasset" 581
"../../../MyProject2/Content/Props/Scroll/Var2/Thomas_Assess2_Team4_Prop_Scroll_Model_Low_6.uasset" 582
"../../../MyProject2/Content/Props/Scroll/Var3/Thomas_Assess2_Prop_Scroll_5_basecolor.uasset" 583
"../../../MyProject2/Content/Props/Scroll/Var3/Thomas_Assess2_Prop_Scroll_5_Metrough.uasset" 584
"../../../MyProject2/Content/Props/Scroll/Var3/Thomas_Assess2_Prop_Scroll_5_normal.uasset" 585
"../../../MyProject2/Content/Props/Scroll/Var3/Mat49.uasset" 586
"../../../MyProject2/Content/Props/Scroll/Var3/Thomas_Assess2_Prop_Scroll_Model_Low_5__1_.uasset" 587
"../../../MyProject2/Content/Props/Wand/Assess2_Team4_Prop_Wand_Diffuse.uasset" 588
"../../../MyProject2/Content/Props/Wand/Assess2_Team4_Prop_Wand_Metrough.uasset" 589
"../../../MyProject2/Content/Props/Wand/Assess2_Team4_Prop_Wand_Normal.uasset" 590
"../../../MyProject2/Content/Props/Wand/Mat52.uasset" 591
"../../../MyProject2/Content/Props/Wand/Thomas_Assess2_Team4_Prop_Wand_Model_Low.uasset" 592
"../../../MyProject2/Content/StarterContent/Textures/T_Dust_Particle_D.uasset" 593
"../../../MyProject2/Content/StarterContent/Particles/Materials/M_Dust_Particle.uasset" 594
"../../../MyProject2/Content/StarterContent/Particles/P_Ambient_Dust.uasset" 595
"../../../MyProject2/Content/StarterContent/Particles/P_Steam_Lit.uasset" 596
"../../../MyProject2/Content/WizardStudy.umap" 597
"../../../MyProject2/Content/Env/BookShelf/Var1/ThiccBookshelf.uasset" 598
"../../../MyProject2/Content/Env/BookShelf/Var2/SkinnyBookshelf.uasset" 599
"../../../MyProject2/Content/StarterContent/Particles/P_Smoke.uasset" 600
"../../../MyProject2/Content/Env/Cauldron/Cauldron.uasset" 601
"../../../MyProject2/Content/Env/Chair/Chair.uasset" 602
"../../../MyProject2/Content/Env/CoatHanger/CoatHanger.uasset" 603
"../../../MyProject2/Content/Env/FirePoker/Broom/Broomy_bristles.uasset" 604
"../../../MyProject2/Content/Env/FirePoker/Broom/broom_bristles.uasset" 605
"../../../MyProject2/Content/Env/FirePoker/Broom/firepoke_broom_firepoke_Broom_texture_BaseColor.uasset" 606
"../../../MyProject2/Content/Env/FirePoker/Broom/firepoke_broom_firepoke_Broom_texture_Normal.uasset" 607
"../../../MyProject2/Content/Env/FirePoker/Broom/firepoke_broom_firepoke_Broom_texture_OcclusionRoughnessMetallic.uasset" 608
"../../../MyProject2/Content/Env/FirePoker/Broom/firepoker_Broom.uasset" 609
"../../../MyProject2/Content/Env/FirePoker/Broom/firepoke_Broomwbristles_PhysicsAsset.uasset" 610
"../../../MyProject2/Content/Env/FirePoker/Broom/firepoke_Broomwbristles_Skeleton.uasset" 611
"../../../MyProject2/Content/Env/FirePoker/Broom/firepoke_Broomwbristles.uasset" 612
"../../../MyProject2/Content/Env/FirePoker/Fork/firepoke_1_firepoker_1_BaseColor.uasset" 613
"../../../MyProject2/Content/Env/FirePoker/Fork/firepoke_1_firepoker_1_Normal.uasset" 614
"../../../MyProject2/Content/Env/FirePoker/Fork/firepoke_1_firepoker_1_OcclusionRoughnessMetallic.uasset" 615
"../../../MyProject2/Content/Env/FirePoker/Fork/firepoker_Broom.uasset" 616
"../../../MyProject2/Content/Env/FirePoker/Fork/firepoke_1.uasset" 617
"../../../MyProject2/Content/Env/FirePoker/Holder/firepokerholder_firepokerholder_BaseColor.uasset" 618
"../../../MyProject2/Content/Env/FirePoker/Holder/firepokerholder_firepokerholder_Normal.uasset" 619
"../../../MyProject2/Content/Env/FirePoker/Holder/firepokerholder_firepokerholder_OcclusionRoughnessMetallic.uasset" 620
"../../../MyProject2/Content/Env/FirePoker/Holder/firepokerholder2.uasset" 621
"../../../MyProject2/Content/Env/FirePoker/Holder/firepokerholder.uasset" 622
"../../../MyProject2/Content/Env/FirePoker/Prod/firepoker_Prod_firepoker_Prod_BaseColor.uasset" 623
"../../../MyProject2/Content/Env/FirePoker/Prod/firepoker_Prod_firepoker_Prod_Normal.uasset" 624
"../../../MyProject2/Content/Env/FirePoker/Prod/firepoker_Prod_firepoker_Prod_OcclusionRoughnessMetallic.uasset" 625
"../../../MyProject2/Content/Env/FirePoker/Prod/firepoker_Broom.uasset" 626
"../../../MyProject2/Content/Env/FirePoker/Prod/firepoker_Prod.uasset" 627
"../../../MyProject2/Content/Env/FirePoker/Shovel/firepoke_Shovel_firepoke_Shovel_BaseColor.uasset" 628
"../../../MyProject2/Content/Env/FirePoker/Shovel/firepoke_Shovel_firepoke_Shovel_Normal.uasset" 629
"../../../MyProject2/Content/Env/FirePoker/Shovel/firepoke_Shovel_firepoke_Shovel_OcclusionRoughnessMetallic.uasset" 630
"../../../MyProject2/Content/Env/FirePoker/Shovel/firepoker_Broom.uasset" 631
"../../../MyProject2/Content/Env/FirePoker/Shovel/firepoke_Shovel.uasset" 632
"../../../MyProject2/Content/Env/FirePoker/FirePoker.uasset" 633
"../../../MyProject2/Content/Env/FireWood/FireWood.uasset" 634
"../../../MyProject2/Content/Env/FrameAndPaintings/PaintingCat.uasset" 635
"../../../MyProject2/Content/Env/FrameAndPaintings/PaintingManitee.uasset" 636
"../../../MyProject2/Content/Env/Robes/Robes.uasset" 637
"../../../MyProject2/Content/Env/Table/SecondTable/table_table_BaseColor.uasset" 638
"../../../MyProject2/Content/Env/Table/SecondTable/table_table_Normal.uasset" 639
"../../../MyProject2/Content/Env/Table/SecondTable/table_table_OcclusionRoughnessMetallic.uasset" 640
"../../../MyProject2/Content/Env/Table/SecondTable/unwrapChekcerShader.uasset" 641
"../../../MyProject2/Content/Env/Table/SecondTable/table.uasset" 642
"../../../MyProject2/Content/Env/Table/SecondTable/TableB.uasset" 643
"../../../MyProject2/Content/Env/Table/Table_BP.uasset" 644
"../../../MyProject2/Content/Env/TreasureChest/Chest.uasset" 645
"../../../MyProject2/Content/Env/Door/door.uasset" 646
"../../../MyProject2/Content/Env/WizardTower/ClownDoll/Fiess_Asses1_Texture_ClownDoll_Diffuse_01.uasset" 647
"../../../MyProject2/Content/Env/WizardTower/ClownDoll/Fiess_Asses1_Texture_ClownDoll_MetRough.uasset" 648
"../../../MyProject2/Content/Env/WizardTower/ClownDoll/Fiess_Asses1_Texture_ClownDoll_Normal.uasset" 649
"../../../MyProject2/Content/Env/WizardTower/ClownDoll/ClownDollMat.uasset" 650
"../../../MyProject2/Content/Env/WizardTower/ClownDoll/Fiess_Asses1_Mesh_ClownDoll.uasset" 651
"../../../MyProject2/Content/Env/WizardTower/lambert1.uasset" 652
"../../../MyProject2/Content/Env/WizardTower/Env_Fireplace.uasset" 653
"../../../MyProject2/Content/Env/WizardTower/Luke_Env_WizardTower_Model.uasset" 654
"../../../MyProject2/Content/Env/WizardTower/Luke_Env_WizardTower_Wood.uasset" 655
"../../../MyProject2/Content/Env/WizardTower/WizardRoom.uasset" 656
"../../../MyProject2/Content/Props/Alembic/Alembic.uasset" 657
"../../../MyProject2/Content/VirtualRealityBP/Blueprints/PickupActorInterface.uasset" 658
"../../../MyProject2/Content/Props/Books/BookBlue.uasset" 659
"../../../MyProject2/Content/Props/Books/Book_04/prop_book_model_2_bc.uasset" 660
"../../../MyProject2/Content/Props/Books/Book_04/prop_book_model_2_mr.uasset" 661
"../../../MyProject2/Content/Props/Books/Book_04/prop_book_model_2_normal.uasset" 662
"../../../MyProject2/Content/Props/Books/Book_04/BookVar4_Material.uasset" 663
"../../../MyProject2/Content/Props/Books/Book_04/prop_book_model_2.uasset" 664
"../../../MyProject2/Content/Props/Books/BookBrown.uasset" 665
"../../../MyProject2/Content/Props/Books/BookPurple.uasset" 666
"../../../MyProject2/Content/Props/Books/BookYellow.uasset" 667
"../../../MyProject2/Content/Props/BottleWSoul/Chain/prop_soul_bottle_chain_bc_02.uasset" 668
"../../../MyProject2/Content/Props/BottleWSoul/Chain/prop_soul_bottle_chain_mr_02.uasset" 669
"../../../MyProject2/Content/Props/BottleWSoul/Chain/prop_soul_bottle_chain_normal.uasset" 670
"../../../MyProject2/Content/Props/BottleWSoul/Chain/Long_Chain2Mat.uasset" 671
"../../../MyProject2/Content/Props/BottleWSoul/Chain/prop_soul_bottle_chain_model_Long_Chain2.uasset" 672
"../../../MyProject2/Content/Props/BottleWSoul/SoulBottleLong.uasset" 673
"../../../MyProject2/Content/Props/BottleWSoul/Chain/Med_ChainMat.uasset" 674
"../../../MyProject2/Content/Props/BottleWSoul/Chain/prop_soul_bottle_chain_model_Med_Chain.uasset" 675
"../../../MyProject2/Content/Props/BottleWSoul/SoulBottleMedium.uasset" 676
"../../../MyProject2/Content/Props/BottleWSoul/Chain/Short_Chain2Mat.uasset" 677
"../../../MyProject2/Content/Props/BottleWSoul/Chain/prop_soul_bottle_chain_model_Short_Chain2.uasset" 678
"../../../MyProject2/Content/Props/BottleWSoul/SoulBottleShort.uasset" 679
"../../../MyProject2/Content/Props/Braff/Braff.uasset" 680
"../../../MyProject2/Content/Props/Cage/Cage.uasset" 681
"../../../MyProject2/Content/Props/Candle/CandleBP.uasset" 682
"../../../MyProject2/Content/Props/Crystal/CrystalBP.uasset" 683
"../../../MyProject2/Content/Props/Grimoire/GrimoireBP.uasset" 684
"../../../MyProject2/Content/Props/Hat/HighpolyHatOkayGuys_initialShadingGroup_BaseColor.uasset" 685
"../../../MyProject2/Content/Props/Hat/HighpolyHatOkayGuys_initialShadingGroup_Normal.uasset" 686
"../../../MyProject2/Content/Props/Hat/HighpolyHatOkayGuys_initialShadingGroup_OcclusionRoughnessMetallic.uasset" 687
"../../../MyProject2/Content/Props/Hat/Hat_Mat.uasset" 688
"../../../MyProject2/Content/Props/Hat/Lowpoly_Hat_Forrealsguys.uasset" 689
"../../../MyProject2/Content/Props/Hat/Hat.uasset" 690
"../../../MyProject2/Content/Props/MortarAndPestle/MortarAndPestle.uasset" 691
"../../../MyProject2/Content/Props/Papers/PapersA.uasset" 692
"../../../MyProject2/Content/Props/Papers/PapersB.uasset" 693
"../../../MyProject2/Content/Props/Papers/PapersC.uasset" 694
"../../../MyProject2/Content/Props/Papers/PapersD.uasset" 695
"../../../MyProject2/Content/Props/Papers/PapersE.uasset" 696
"../../../MyProject2/Content/Props/Papers/PapersF.uasset" 697
"../../../MyProject2/Content/Props/PotionBottles/PotionBottleA.uasset" 698
"../../../MyProject2/Content/Props/PotionBottles/PotionBottleB.uasset" 699
"../../../MyProject2/Content/Props/PotionBottles/PotionBottleC.uasset" 700
"../../../MyProject2/Content/Props/PotionBottles/PotionBottleD.uasset" 701
"../../../MyProject2/Content/Props/PotionBottles/PotionBottleE.uasset" 702
"../../../MyProject2/Content/Props/QillAndInk/Ink.uasset" 703
"../../../MyProject2/Content/Props/QillAndInk/Quill.uasset" 704
"../../../MyProject2/Content/Props/Scroll/ScrollA.uasset" 705
"../../../MyProject2/Content/Props/Scroll/ScrollB.uasset" 706
"../../../MyProject2/Content/Props/Scroll/ScrollC.uasset" 707
"../../../MyProject2/Content/Props/Wand/Wand.uasset" 708
"../../../MyProject2/Content/VirtualReality/Mannequin/Character/Mesh/MannequinHand_Right_Skeleton.uasset" 709
"../../../MyProject2/Content/VirtualReality/Mannequin/Animations/MannequinHand_Right_CanGrab.uasset" 710
"../../../MyProject2/Content/VirtualReality/Mannequin/Animations/MannequinHand_Right_Grab.uasset" 711
"../../../MyProject2/Content/VirtualReality/Mannequin/Animations/MannequinHand_Right_Open.uasset" 712
"../../../MyProject2/Content/VirtualReality/Mannequin/Animations/RightGrip_BS.uasset" 713
"../../../MyProject2/Content/VirtualRealityBP/Blueprints/GripEnum.uasset" 714
"../../../MyProject2/Content/VirtualReality/Mannequin/Animations/RightHand_AnimBP.uasset" 715
"../../../Engine/Content/EditorBlueprintResources/StandardMacros.uasset" 716
"../../../MyProject2/Content/VirtualRealityBP/Blueprints/MotionControllerHaptics.uasset" 717
"../../../Engine/Content/Functions/Engine_MaterialFunctions01/Texturing/ScaleUVsByCenter.uasset" 718
"../../../Engine/Content/Functions/Engine_MaterialFunctions02/ScreenResolution.uasset" 719
"../../../Engine/Content/Functions/Engine_MaterialFunctions02/Texturing/ScreenAlignedUVs.uasset" 720
"../../../Engine/Content/Functions/Engine_MaterialFunctions02/Utility/CameraDirectionVector.uasset" 721
"../../../Engine/Content/Functions/Engine_MaterialFunctions02/Utility/DepthFromWorldPosition.uasset" 722
"../../../MyProject2/Content/VirtualReality/Materials/MF_OccludedPixels.uasset" 723
"../../../MyProject2/Content/VirtualReality/Materials/TeleportMCP.uasset" 724
"../../../Engine/Content/EngineMaterials/Good64x64TilingNoiseHighFreq.uasset" 725
"../../../MyProject2/Content/VirtualReality/Materials/M_ArcEndpoint.uasset" 726
"../../../MyProject2/Content/VirtualReality/Materials/M_SplineArcMat.uasset" 727
"../../../MyProject2/Content/VirtualReality/Materials/M_TeleportPreviews.uasset" 728
"../../../MyProject2/Content/VirtualReality/Materials/MI_ChaperoneOutline.uasset" 729
"../../../MyProject2/Content/VirtualReality/Materials/MI_TeleportCylinderPreview.uasset" 730
"../../../Engine/Content/BasicShapes/Cylinder.uasset" 731
"../../../MyProject2/Content/VirtualReality/Mannequin/Character/Textures/UE4_Mannequin__normals.uasset" 732
"../../../MyProject2/Content/VirtualReality/Mannequin/Character/Textures/UE4_Mannequin_MAT_MASKA.uasset" 733
"../../../MyProject2/Content/VirtualReality/Mannequin/Character/Materials/M_HandMat.uasset" 734
"../../../MyProject2/Content/VirtualReality/Mannequin/Character/Mesh/MannequinHand_Right_PhysicsAsset.uasset" 735
"../../../MyProject2/Content/VirtualReality/Mannequin/Character/Mesh/MannequinHand_Right.uasset" 736
"../../../MyProject2/Content/VirtualReality/Meshes/1x1_cube.uasset" 737
"../../../MyProject2/Content/VirtualReality/Meshes/BeaconDirection.uasset" 738
"../../../MyProject2/Content/VirtualReality/Meshes/BeamMesh.uasset" 739
"../../../MyProject2/Content/VirtualReality/Meshes/SM_FatCylinder.uasset" 740
"../../../MyProject2/Content/VirtualRealityBP/Blueprints/BP_MotionController.uasset" 741
"../../../MyProject2/Content/VirtualRealityBP/Blueprints/MotionControllerPawn.uasset" 742
"../../../MyProject2/Content/WizardStudy_Cleanup_BuiltData.uasset" 743
"../../../MyProject2/Content/Env/Plaque/defaultMat_Base_Color.uasset" 744
"../../../MyProject2/Content/Env/Plaque/defaultMat_Normal_OpenGL.uasset" 745
"../../../MyProject2/Content/Env/Plaque/Plaque-Low_defaultMat_Metallic.uasset" 746
"../../../MyProject2/Content/Env/Plaque/Plaque-Low_defaultMat_Roughness.uasset" 747
"../../../MyProject2/Content/Env/Plaque/Group55176Mat.uasset" 748
"../../../MyProject2/Content/Env/Plaque/Plaque-Low.uasset" 749
"../../../MyProject2/Content/WizardStudy_Cleanup.umap" 750
"../../../MyProject2/Content/StarterContent/Blueprints/Assets/FogBrightnessLUT.uasset" 751
"../../../MyProject2/Content/StarterContent/Blueprints/Assets/SunlightColorLUT.uasset" 752
"../../../MyProject2/Content/StarterContent/Blueprints/Assets/M_LightStage_Arrows.uasset" 753
"../../../Engine/Content/MapTemplates/Sky/DaylightAmbientCubemap.uasset" 754
"../../../MyProject2/Content/StarterContent/Blueprints/Assets/M_LightStage_Skybox_Master.uasset" 755
"../../../MyProject2/Content/StarterContent/Blueprints/Assets/M_LightStage_Skybox_Black.uasset" 756
"../../../MyProject2/Content/StarterContent/Blueprints/Assets/M_LightStage_Skybox_HDRI.uasset" 757
"../../../Engine/Content/EditorMaterials/Thumbnails/SkySphereMaterial.uasset" 758
"../../../MyProject2/Content/StarterContent/Blueprints/Assets/Skybox.uasset" 759
"../../../MyProject2/Content/StarterContent/Blueprints/Assets/SM_Arrows.uasset" 760
"../../../MyProject2/Content/StarterContent/HDRI/HDRI_Epic_Courtyard_Daylight.uasset" 761
"../../../MyProject2/Content/StarterContent/Blueprints/BP_LightStudio.uasset" 762
"../../../MyProject2/Content/StarterContent/Maps/Advanced_Lighting_BuiltData.uasset" 763
"../../../MyProject2/Content/StarterContent/Materials/M_AssetPlatform.uasset" 764
"../../../Engine/Content/EditorMeshes/ColorCalibrator/M_ChromeBall.uasset" 765
"../../../Engine/Content/EditorMeshes/ColorCalibrator/M_ClearCoat.uasset" 766
"../../../Engine/Content/EditorMeshes/ColorCalibrator/M_ClearCoatBlack.uasset" 767
"../../../Engine/Content/EditorMeshes/ColorCalibrator/M_ColorGrid.uasset" 768
"../../../Engine/Content/EditorMeshes/ColorCalibrator/M_GreyBall.uasset" 769
"../../../Engine/Content/EditorMeshes/ColorCalibrator/SM_ColorCalibrator.uasset" 770
"../../../MyProject2/Content/StarterContent/Architecture/SM_AssetPlatform.uasset" 771
"../../../MyProject2/Content/StarterContent/Maps/Advanced_Lighting.umap" 772
"../../../Engine/Content/EngineSky/C_Sky_Cloud_Color.uasset" 773
"../../../Engine/Content/EngineSky/C_Sky_Horizon_Color.uasset" 774
"../../../Engine/Content/EngineSky/C_Sky_Zenith_Color.uasset" 775
"../../../Engine/Content/EngineSky/T_Sky_Blue.uasset" 776
"../../../Engine/Content/EngineSky/T_Sky_Clouds_M.uasset" 777
"../../../Engine/Content/EngineSky/T_Sky_Stars.uasset" 778
"../../../Engine/Content/EngineSky/M_Sky_Panning_Clouds2.uasset" 779
"../../../Engine/Content/EngineSky/SM_SkySphere.uasset" 780
"../../../Engine/Content/EngineSky/BP_Sky_Sphere.uasset" 781
"../../../MyProject2/Content/StarterContent/Maps/Minimal_Default_BuiltData.uasset" 782
"../../../MyProject2/Content/StarterContent/Textures/T_MacroVariation.uasset" 783
"../../../MyProject2/Content/StarterContent/Materials/M_Metal_Brushed_Nickel.uasset" 784
"../../../MyProject2/Content/StarterContent/Textures/T_Metal_Aluminum_D.uasset" 785
"../../../MyProject2/Content/StarterContent/Textures/T_Metal_Gold_N.uasset" 786
"../../../MyProject2/Content/StarterContent/Materials/M_Metal_Burnished_Steel.uasset" 787
"../../../MyProject2/Content/StarterContent/Textures/T_Metal_Copper_D.uasset" 788
"../../../MyProject2/Content/StarterContent/Materials/M_Metal_Copper.uasset" 789
"../../../MyProject2/Content/StarterContent/Textures/T_Statue_M.uasset" 790
"../../../MyProject2/Content/StarterContent/Textures/T_Statue_N.uasset" 791
"../../../MyProject2/Content/StarterContent/Props/Materials/M_StatueGlass.uasset" 792
"../../../MyProject2/Content/StarterContent/Architecture/Floor_400x400.uasset" 793
"../../../MyProject2/Content/StarterContent/Audio/Starter_Background_Cue.uasset" 794
"../../../MyProject2/Content/StarterContent/Props/SM_Chair.uasset" 795
"../../../MyProject2/Content/StarterContent/Props/Materials/M_Statue.uasset" 796
"../../../MyProject2/Content/StarterContent/Props/SM_Statue.uasset" 797
"../../../MyProject2/Content/StarterContent/Textures/T_TableRound_M.uasset" 798
"../../../MyProject2/Content/StarterContent/Textures/T_TableRound_N.uasset" 799
"../../../MyProject2/Content/StarterContent/Props/Materials/M_TableRound.uasset" 800
"../../../MyProject2/Content/StarterContent/Props/SM_TableRound.uasset" 801
"../../../MyProject2/Content/StarterContent/Maps/Minimal_Default.umap" 802
"../../../MyProject2/Content/StarterContent/Audio/Fire01_Cue.uasset" 803
"../../../MyProject2/Content/StarterContent/Particles/P_Fire.uasset" 804
"../../../MyProject2/Content/StarterContent/Blueprints/Blueprint_Effect_Fire.uasset" 805
"../../../MyProject2/Content/StarterContent/Audio/Smoke01_Cue.uasset" 806
"../../../MyProject2/Content/StarterContent/Blueprints/Blueprint_Effect_Smoke.uasset" 807
"../../../MyProject2/Content/StarterContent/Audio/Fire_Sparks01_Cue.uasset" 808
"../../../MyProject2/Content/StarterContent/Textures/T_Spark_Core.uasset" 809
"../../../MyProject2/Content/StarterContent/Particles/Materials/M_Spark.uasset" 810
"../../../MyProject2/Content/StarterContent/Particles/P_Sparks.uasset" 811
"../../../MyProject2/Content/StarterContent/Blueprints/Blueprint_Effect_Sparks.uasset" 812
"../../../MyProject2/Content/StarterContent/Audio/Steam01_Cue.uasset" 813
"../../../MyProject2/Content/StarterContent/Blueprints/Blueprint_Effect_Steam.uasset" 814
"../../../MyProject2/Content/StarterContent/Textures/T_Lamp_M.uasset" 815
"../../../MyProject2/Content/StarterContent/Textures/T_Lamp_N.uasset" 816
"../../../MyProject2/Content/StarterContent/Props/Materials/M_Lamp.uasset" 817
"../../../MyProject2/Content/StarterContent/Props/SM_Lamp_Ceiling.uasset" 818
"../../../MyProject2/Content/StarterContent/Blueprints/Blueprint_CeilingLight.uasset" 819
"../../../MyProject2/Content/StarterContent/Props/SM_Lamp_Wall.uasset" 820
"../../../MyProject2/Content/StarterContent/Blueprints/Blueprint_WallSconce.uasset" 821
"../../../MyProject2/Content/StarterContent/Maps/StarterMap_BuiltData.uasset" 822
"../../../Engine/Content/Functions/Engine_MaterialFunctions03/Procedurals/ComputeFilterWidth.uasset" 823
"../../../Engine/Content/EngineMaterials/AntiAliasedTextMaterialTranslucent.uasset" 824
"../../../MyProject2/Content/StarterContent/Textures/T_Brick_Clay_Beveled_D.uasset" 825
"../../../MyProject2/Content/StarterContent/Textures/T_Brick_Clay_Beveled_M.uasset" 826
"../../../MyProject2/Content/StarterContent/Textures/T_Brick_Clay_Beveled_N.uasset" 827
"../../../MyProject2/Content/StarterContent/Materials/M_Brick_Clay_Beveled.uasset" 828
"../../../MyProject2/Content/StarterContent/Textures/T_Brick_Clay_New_D.uasset" 829
"../../../MyProject2/Content/StarterContent/Textures/T_Brick_Clay_New_M.uasset" 830
"../../../MyProject2/Content/StarterContent/Textures/T_Brick_Clay_New_N.uasset" 831
"../../../MyProject2/Content/StarterContent/Materials/M_Brick_Clay_New.uasset" 832
"../../../MyProject2/Content/StarterContent/Textures/T_Brick_Clay_Old_D.uasset" 833
"../../../MyProject2/Content/StarterContent/Textures/T_Brick_Clay_Old_N.uasset" 834
"../../../MyProject2/Content/StarterContent/Textures/T_Perlin_Noise_M.uasset" 835
"../../../MyProject2/Content/StarterContent/Materials/M_Brick_Clay_Old.uasset" 836
"../../../MyProject2/Content/StarterContent/Textures/T_Brick_Cut_Stone_D.uasset" 837
"../../../MyProject2/Content/StarterContent/Textures/T_Brick_Cut_Stone_N.uasset" 838
"../../../MyProject2/Content/StarterContent/Materials/M_Brick_Cut_Stone.uasset" 839
"../../../MyProject2/Content/StarterContent/Textures/T_Brick_Hewn_Stone_D.uasset" 840
"../../../MyProject2/Content/StarterContent/Textures/T_Brick_Hewn_Stone_M.uasset" 841
"../../../MyProject2/Content/StarterContent/Textures/T_Brick_Hewn_Stone_N.uasset" 842
"../../../MyProject2/Content/StarterContent/Materials/M_Brick_Hewn_Stone.uasset" 843
"../../../MyProject2/Content/StarterContent/Textures/T_Ceramic_Tile_M.uasset" 844
"../../../MyProject2/Content/StarterContent/Textures/T_Ceramic_Tile_N.uasset" 845
"../../../MyProject2/Content/StarterContent/Textures/T_Rock_Marble_Polished_D.uasset" 846
"../../../MyProject2/Content/StarterContent/Materials/M_Ceramic_Tile_Checker.uasset" 847
"../../../MyProject2/Content/StarterContent/Textures/T_CobbleStone_Pebble_D.uasset" 848
"../../../MyProject2/Content/StarterContent/Textures/T_CobbleStone_Pebble_M.uasset" 849
"../../../MyProject2/Content/StarterContent/Textures/T_CobbleStone_Pebble_N.uasset" 850
"../../../MyProject2/Content/StarterContent/Materials/M_CobbleStone_Pebble.uasset" 851
"../../../MyProject2/Content/StarterContent/Textures/T_CobbleStone_Rough_D.uasset" 852
"../../../MyProject2/Content/StarterContent/Textures/T_CobbleStone_Rough_N.uasset" 853
"../../../MyProject2/Content/StarterContent/Textures/T_Gradinet_01.uasset" 854
"../../../MyProject2/Content/StarterContent/Textures/T_Rock_Smooth_Granite_D.uasset" 855
"../../../MyProject2/Content/StarterContent/Materials/M_CobbleStone_Rough.uasset" 856
"../../../MyProject2/Content/StarterContent/Textures/T_CobbleStone_Smooth_D.uasset" 857
"../../../MyProject2/Content/StarterContent/Textures/T_CobbleStone_Smooth_M.uasset" 858
"../../../MyProject2/Content/StarterContent/Textures/T_CobbleStone_Smooth_N.uasset" 859
"../../../MyProject2/Content/StarterContent/Materials/M_CobbleStone_Smooth.uasset" 860
"../../../MyProject2/Content/StarterContent/Textures/T_Concrete_Grime_D.uasset" 861
"../../../MyProject2/Content/StarterContent/Textures/T_Metal_Rust_N.uasset" 862
"../../../MyProject2/Content/StarterContent/Materials/M_Concrete_Grime.uasset" 863
"../../../MyProject2/Content/StarterContent/Textures/T_Concrete_Panels_D.uasset" 864
"../../../MyProject2/Content/StarterContent/Textures/T_Concrete_Panels_N.uasset" 865
"../../../MyProject2/Content/StarterContent/Materials/M_Concrete_Panels.uasset" 866
"../../../MyProject2/Content/StarterContent/Textures/T_Concrete_Poured_D.uasset" 867
"../../../MyProject2/Content/StarterContent/Textures/T_Concrete_Poured_N.uasset" 868
"../../../MyProject2/Content/StarterContent/Materials/M_Concrete_Poured.uasset" 869
"../../../MyProject2/Content/StarterContent/Textures/T_Concrete_Tiles_D.uasset" 870
"../../../MyProject2/Content/StarterContent/Textures/T_Concrete_Tiles_M.uasset" 871
"../../../MyProject2/Content/StarterContent/Textures/T_Concrete_Tiles_N.uasset" 872
"../../../MyProject2/Content/StarterContent/Textures/T_Concrete_Tiles_Variation_M.uasset" 873
"../../../MyProject2/Content/StarterContent/Materials/M_Concrete_Tiles.uasset" 874
"../../../MyProject2/Content/StarterContent/Textures/T_Ground_Grass_D.uasset" 875
"../../../MyProject2/Content/StarterContent/Textures/T_Ground_Grass_N.uasset" 876
"../../../MyProject2/Content/StarterContent/Materials/M_Ground_Grass.uasset" 877
"../../../MyProject2/Content/StarterContent/Textures/T_Ground_Gravel_D.uasset" 878
"../../../MyProject2/Content/StarterContent/Textures/T_Ground_Gravel_N.uasset" 879
"../../../MyProject2/Content/StarterContent/Materials/M_Ground_Gravel.uasset" 880
"../../../MyProject2/Content/StarterContent/Textures/T_ground_Moss_D.uasset" 881
"../../../MyProject2/Content/StarterContent/Textures/T_Ground_Moss_N.uasset" 882
"../../../MyProject2/Content/StarterContent/Materials/M_Ground_Moss.uasset" 883
"../../../MyProject2/Content/StarterContent/Materials/M_Metal_Chrome.uasset" 884
"../../../MyProject2/Content/StarterContent/Textures/T_Metal_Gold_D.uasset" 885
"../../../MyProject2/Content/StarterContent/Materials/M_Metal_Gold.uasset" 886
"../../../MyProject2/Content/StarterContent/Textures/T_Metal_Rust_D.uasset" 887
"../../../MyProject2/Content/StarterContent/Materials/M_Metal_Rust.uasset" 888
"../../../MyProject2/Content/StarterContent/Textures/T_Metal_Steel_D.uasset" 889
"../../../MyProject2/Content/StarterContent/Textures/T_Metal_Steel_N.uasset" 890
"../../../MyProject2/Content/StarterContent/Materials/M_Metal_Steel.uasset" 891
"../../../MyProject2/Content/StarterContent/Textures/T_Rock_Basalt_N.uasset" 892
"../../../MyProject2/Content/StarterContent/Materials/M_Rock_Basalt.uasset" 893
"../../../MyProject2/Content/StarterContent/Materials/M_Rock_Marble_Polished.uasset" 894
"../../../MyProject2/Content/StarterContent/Textures/T_Rock_Sandstone_D.uasset" 895
"../../../MyProject2/Content/StarterContent/Textures/T_Rock_Sandstone_N.uasset" 896
"../../../MyProject2/Content/StarterContent/Materials/M_Rock_Sandstone.uasset" 897
"../../../MyProject2/Content/StarterContent/Textures/T_Rock_Slate_D.uasset" 898
"../../../MyProject2/Content/StarterContent/Textures/T_Rock_Slate_N.uasset" 899
"../../../MyProject2/Content/StarterContent/Materials/M_Rock_Slate.uasset" 900
"../../../MyProject2/Content/StarterContent/Textures/T_Checker_Noise_M.uasset" 901
"../../../MyProject2/Content/StarterContent/Textures/T_Single_Tile_N.uasset" 902
"../../../MyProject2/Content/StarterContent/Textures/T_Tech_Dot_M.uasset" 903
"../../../MyProject2/Content/StarterContent/Textures/T_Tech_Dot_N.uasset" 904
"../../../MyProject2/Content/StarterContent/Materials/M_Tech_Checker_Dot.uasset" 905
"../../../MyProject2/Content/StarterContent/Textures/T_Tech_Hex_Tile_M.uasset" 906
"../../../MyProject2/Content/StarterContent/Textures/T_Tech_Hex_Tile_N.uasset" 907
"../../../MyProject2/Content/StarterContent/Materials/M_Tech_Hex_Tile.uasset" 908
"../../../MyProject2/Content/StarterContent/Materials/M_Tech_Hex_Tile_Pulse.uasset" 909
"../../../MyProject2/Content/StarterContent/Textures/T_Tech_Panel_M.uasset" 910
"../../../MyProject2/Content/StarterContent/Textures/T_Tech_Panel_N.uasset" 911
"../../../MyProject2/Content/StarterContent/Materials/M_Tech_Panel.uasset" 912
"../../../MyProject2/Content/StarterContent/Materials/M_Water_Lake.uasset" 913
"../../../MyProject2/Content/StarterContent/Textures/T_Water_M.uasset" 914
"../../../MyProject2/Content/StarterContent/Materials/M_Water_Ocean.uasset" 915
"../../../MyProject2/Content/StarterContent/Textures/T_Wood_Floor_Walnut_D.uasset" 916
"../../../MyProject2/Content/StarterContent/Textures/T_Wood_Floor_Walnut_M.uasset" 917
"../../../MyProject2/Content/StarterContent/Textures/T_Wood_Floor_Walnut_N.uasset" 918
"../../../MyProject2/Content/StarterContent/Materials/M_Wood_Floor_Walnut_Polished.uasset" 919
"../../../Engine/Content/Functions/Engine_MaterialFunctions01/Opacity/AlphaOffset.uasset" 920
"../../../MyProject2/Content/StarterContent/Materials/M_Wood_Floor_Walnut_Worn.uasset" 921
"../../../MyProject2/Content/StarterContent/Textures/T_Wood_Oak_D.uasset" 922
"../../../MyProject2/Content/StarterContent/Textures/T_Wood_Oak_N.uasset" 923
"../../../MyProject2/Content/StarterContent/Materials/M_Wood_Oak.uasset" 924
"../../../MyProject2/Content/StarterContent/Textures/T_Wood_Pine_D.uasset" 925
"../../../MyProject2/Content/StarterContent/Textures/T_Wood_Pine_N.uasset" 926
"../../../MyProject2/Content/StarterContent/Materials/M_Wood_Pine.uasset" 927
"../../../MyProject2/Content/StarterContent/Textures/T_Wood_Walnut_D.uasset" 928
"../../../MyProject2/Content/StarterContent/Textures/T_Wood_Walnut_N.uasset" 929
"../../../MyProject2/Content/StarterContent/Materials/M_Wood_Walnut.uasset" 930
"../../../MyProject2/Content/StarterContent/Architecture/Wall_400x200.uasset" 931
"../../../MyProject2/Content/StarterContent/Architecture/Wall_Door_400x300.uasset" 932
"../../../MyProject2/Content/StarterContent/Architecture/Wall_Window_400x300.uasset" 933
"../../../MyProject2/Content/StarterContent/Audio/Collapse_Cue.uasset" 934
"../../../MyProject2/Content/StarterContent/Audio/Starter_Music_Cue.uasset" 935
"../../../MyProject2/Content/StarterContent/Props/MaterialSphere.uasset" 936
"../../../MyProject2/Content/StarterContent/Textures/T_Frame_M.uasset" 937
"../../../MyProject2/Content/StarterContent/Textures/T_Frame_N.uasset" 938
"../../../MyProject2/Content/StarterContent/Props/Materials/M_Frame.uasset" 939
"../../../MyProject2/Content/StarterContent/Props/SM_CornerFrame.uasset" 940
"../../../MyProject2/Content/StarterContent/Props/SM_DoorFrame.uasset" 941
"../../../MyProject2/Content/StarterContent/Props/SM_GlassWindow.uasset" 942
"../../../MyProject2/Content/StarterContent/Props/SM_PillarFrame.uasset" 943
"../../../MyProject2/Content/StarterContent/Props/SM_PillarFrame300.uasset" 944
"../../../MyProject2/Content/StarterContent/Props/SM_WindowFrame.uasset" 945
"../../../MyProject2/Content/StarterContent/Shapes/Shape_Cube.uasset" 946
"../../../MyProject2/Content/StarterContent/Shapes/Shape_QuadPyramid.uasset" 947
"../../../MyProject2/Content/StarterContent/Shapes/Shape_Sphere.uasset" 948
"../../../MyProject2/Content/StarterContent/Maps/StarterMap.umap" 949
"../../../MyProject2/Content/VirtualRealityBP/Blueprints/HMDLocomotionPawn.uasset" 950
"../../../MyProject2/Content/VirtualRealityBP/Maps/HMDLocomotionMap_BuiltData.uasset" 951
"../../../MyProject2/Content/VirtualReality/Materials/M_BaseMaterial.uasset" 952
"../../../MyProject2/Content/VirtualReality/Materials/MI_BaseMaterial2.uasset" 953
"../../../MyProject2/Content/VirtualReality/Materials/MI_BaseMaterial3.uasset" 954
"../../../MyProject2/Content/Geometry/Meshes/1M_Cube.uasset" 955
"../../../MyProject2/Content/VirtualRealityBP/Maps/HMDLocomotionMap.umap" 956
"../../../MyProject2/Content/VirtualReality/Materials/MI_SmallCubes.uasset" 957
"../../../MyProject2/Content/VirtualRealityBP/Blueprints/BP_PickupCube.uasset" 958
"../../../MyProject2/Content/VirtualRealityBP/Maps/MotionControllerMap_BuiltData.uasset" 959
"../../../MyProject2/Content/VirtualRealityBP/Maps/MotionControllerMap.umap" 960
"../../../MyProject2/Content/VirtualRealityBP/Maps/StartupMap_BuiltData.uasset" 961
"../../../MyProject2/Content/VirtualReality/Materials/GenericHMDMaterial.uasset" 962
"../../../MyProject2/Content/VirtualReality/Meshes/GenericHMD.uasset" 963
"../../../MyProject2/Content/VirtualRealityBP/Maps/StartupMap.umap" 964
"../../../Engine/Content/Maps/Entry.umap" 965
